2024-10-18 20:39:09,202 [INFO] Activator:176 - 


2024-10-18 20:39:09,217 [INFO] Activator:177 - !SESSION log4j initialized
2024-10-18 20:39:23,769 [INFO] LogOutputStream:77 - [STDOUT_REDIRECT] 
2024-10-18 20:39:26,433 [INFO] ApplicationProperties:184 - Using Application install path: /home/ger/stm32cubeide_1.16.1/plugins/com.st.stm32cube.common.mx_6.12.1.202409122256
2024-10-18 20:39:26,485 [INFO] DbMcusXml:78 - Set database path to: /home/ger/stm32cubeide_1.16.1/plugins/com.st.stm32cube.common.mx_6.12.1.202409122256//db//mcu/
2024-10-18 20:39:26,485 [INFO] ApiDb:274 - Set plugin database path to: /home/ger/stm32cubeide_1.16.1/plugins/com.st.stm32cube.common.mx_6.12.1.202409122256//db//plugins/boardmanager/
2024-10-18 20:39:26,486 [WARN] ApiDb:259 - Overriding images path with different value:  => /home/ger/stm32cubeide_1.16.1/plugins/com.st.stm32cube.common.mx_6.12.1.202409122256//db//plugins/mcufinder/images/
2024-10-18 20:39:26,511 [INFO] ApiDb:250 - Set database path to: /home/ger/.stmcufinder/plugins/mcufinder//mcu/
2024-10-18 20:39:26,514 [INFO] DbMcusAds:125 - Set database path to: /home/ger/.stmcufinder/plugins/mcufinder//mcu/
2024-10-18 20:39:26,520 [INFO] CrossReferenceDbSqlite:203 - Set database path to: /home/ger/.stmcufinder/plugins/mcufinder//mcu/cs/
2024-10-18 20:39:26,814 [INFO] RulesReader:64 - Compatibility file has been processed (297 Rules)
2024-10-18 20:39:27,006 [INFO] DbMcusXml:78 - Set database path to: /home/ger/stm32cubeide_1.16.1/plugins/com.st.stm32cube.common.mx_6.12.1.202409122256//db//mcu/
2024-10-18 20:39:27,006 [INFO] ApiDb:274 - Set plugin database path to: /home/ger/stm32cubeide_1.16.1/plugins/com.st.stm32cube.common.mx_6.12.1.202409122256//db//plugins/boardmanager/
2024-10-18 20:39:27,007 [INFO] ApiDb:261 - Set plugin images path to: /home/ger/stm32cubeide_1.16.1/plugins/com.st.stm32cube.common.mx_6.12.1.202409122256//db//plugins/mcufinder/images/
2024-10-18 20:39:27,008 [WARN] DbFile:41 - Overriding database path with different value: /home/ger/.stmcufinder/plugins/mcufinder/ => /home/ger/.stmcufinder/plugins/mcufinder
2024-10-18 20:39:27,008 [INFO] ApiDb:250 - Set database path to: /home/ger/.stmcufinder/plugins/mcufinder//mcu/
2024-10-18 20:39:27,009 [WARN] DbFile:41 - Overriding database path with different value: /home/ger/.stmcufinder/plugins/mcufinder/ => /home/ger/.stmcufinder/plugins/mcufinder
2024-10-18 20:39:27,010 [INFO] DbMcusAds:125 - Set database path to: /home/ger/.stmcufinder/plugins/mcufinder//mcu/
2024-10-18 20:39:27,010 [WARN] DbFile:41 - Overriding database path with different value: /home/ger/.stmcufinder/plugins/mcufinder/ => /home/ger/.stmcufinder/plugins/mcufinder
2024-10-18 20:39:27,011 [WARN] DbFile:41 - Overriding database path with different value: /home/ger/.stmcufinder/plugins/mcufinder/ => /home/ger/.stmcufinder/plugins/mcufinder
2024-10-18 20:39:27,012 [INFO] CrossReferenceDbSqlite:203 - Set database path to: /home/ger/.stmcufinder/plugins/mcufinder//mcu/cs/
2024-10-18 20:39:27,273 [INFO] MainPanel:268 - HeapMemory: 268435456
2024-10-18 20:39:27,723 [INFO] DbMcusXml:78 - Set database path to: /home/ger/stm32cubeide_1.16.1/plugins/com.st.stm32cube.common.mx_6.12.1.202409122256//db//mcu/
2024-10-18 20:39:27,723 [INFO] ApiDb:274 - Set plugin database path to: /home/ger/stm32cubeide_1.16.1/plugins/com.st.stm32cube.common.mx_6.12.1.202409122256//db//plugins/boardmanager/
2024-10-18 20:39:27,724 [INFO] ApiDb:261 - Set plugin images path to: /home/ger/stm32cubeide_1.16.1/plugins/com.st.stm32cube.common.mx_6.12.1.202409122256//db//plugins/mcufinder/images/
2024-10-18 20:39:27,726 [WARN] DbFile:41 - Overriding database path with different value: /home/ger/.stmcufinder/plugins/mcufinder/ => /home/ger/.stmcufinder/plugins/mcufinder
2024-10-18 20:39:27,727 [INFO] ApiDb:250 - Set database path to: /home/ger/.stmcufinder/plugins/mcufinder//mcu/
2024-10-18 20:39:27,727 [WARN] DbFile:41 - Overriding database path with different value: /home/ger/.stmcufinder/plugins/mcufinder/ => /home/ger/.stmcufinder/plugins/mcufinder
2024-10-18 20:39:27,728 [INFO] DbMcusAds:125 - Set database path to: /home/ger/.stmcufinder/plugins/mcufinder//mcu/
2024-10-18 20:39:27,728 [WARN] DbFile:41 - Overriding database path with different value: /home/ger/.stmcufinder/plugins/mcufinder/ => /home/ger/.stmcufinder/plugins/mcufinder
2024-10-18 20:39:27,728 [WARN] DbFile:41 - Overriding database path with different value: /home/ger/.stmcufinder/plugins/mcufinder/ => /home/ger/.stmcufinder/plugins/mcufinder
2024-10-18 20:39:27,732 [INFO] CrossReferenceDbSqlite:203 - Set database path to: /home/ger/.stmcufinder/plugins/mcufinder//mcu/cs/
2024-10-18 20:39:27,787 [INFO] ApplicationProperties:184 - Using Application install path: /home/ger/stm32cubeide_1.16.1/plugins/com.st.stm32cube.common.mx_6.12.1.202409122256
2024-10-18 20:39:27,792 [INFO] PluginManage:196 - Search for loadable plugins [exclusion list=, ]
2024-10-18 20:39:27,796 [INFO] PluginManage:310 - Check plugin analytics
2024-10-18 20:39:28,292 [INFO] AnalyticsPlugin:253 - Accepted Software Licenses: STM32CubeMX.6.12.0
2024-10-18 20:39:28,293 [INFO] AnalyticsPlugin:255 - Accepted CMSIS Pack Licenses: 
2024-10-18 20:39:28,293 [INFO] AnalyticsPlugin:257 - Accepted Firmware Licenses: FW.F4.1.28.0
2024-10-18 20:39:28,302 [INFO] PluginManage:359 - Loaded plugin analytics (category:tool,tabindex:-1)
2024-10-18 20:39:28,303 [INFO] PluginManage:310 - Check plugin cadmodel
2024-10-18 20:39:28,317 [INFO] CADModel:105 - Init CAD model plugin
2024-10-18 20:39:28,317 [INFO] PluginManage:359 - Loaded plugin cadmodel (category:power,tabindex:5)
2024-10-18 20:39:28,317 [INFO] PluginManage:310 - Check plugin clock
2024-10-18 20:39:28,344 [INFO] PluginManage:359 - Loaded plugin clock (category:base,tabindex:2)
2024-10-18 20:39:28,344 [INFO] PluginManage:310 - Check plugin ddr
2024-10-18 20:39:28,351 [INFO] PluginManage:359 - Loaded plugin ddr (category:tool,tabindex:6)
2024-10-18 20:39:28,352 [INFO] PluginManage:310 - Check plugin filemanager
2024-10-18 20:39:28,872 [INFO] PluginManage:359 - Loaded plugin filemanager (category:base,tabindex:10)
2024-10-18 20:39:28,873 [INFO] PluginManage:310 - Check plugin ipmanager
2024-10-18 20:39:28,889 [INFO] PluginManage:359 - Loaded plugin ipmanager (category:base,tabindex:5)
2024-10-18 20:39:28,890 [INFO] PluginManage:310 - Check plugin lpbam
2024-10-18 20:39:28,921 [INFO] PluginManage:359 - Loaded plugin lpbam (category:base,tabindex:0)
2024-10-18 20:39:28,921 [INFO] PluginManage:310 - Check plugin memorymap
2024-10-18 20:39:28,954 [INFO] PluginManage:359 - Loaded plugin memorymap (category:base,tabindex:4)
2024-10-18 20:39:28,954 [INFO] PluginManage:310 - Check plugin pinoutandconfiguration
2024-10-18 20:39:28,977 [INFO] PluginManage:359 - Loaded plugin pinoutandconfiguration (category:base,tabindex:1)
2024-10-18 20:39:28,978 [INFO] PluginManage:310 - Check plugin pinoutconfig
2024-10-18 20:39:29,219 [WARN] SupportedApi:132 - Cannot load RTOS API schema: s4s-elt-must-match.1: The content of 'definitions' must match (annotation?, (simpleType | complexType)?, (unique | key | keyref)*)). A problem was found starting at: attribute.
2024-10-18 20:39:29,574 [INFO] PluginManage:359 - Loaded plugin pinoutconfig (category:base,tabindex:0)
2024-10-18 20:39:29,575 [INFO] PluginManage:310 - Check plugin power
2024-10-18 20:39:29,604 [INFO] PluginManage:359 - Loaded plugin power (category:power,tabindex:4)
2024-10-18 20:39:29,605 [INFO] PluginManage:310 - Check plugin projectmanager
2024-10-18 20:39:29,646 [INFO] PluginManage:359 - Loaded plugin projectmanager (category:projectmanager,tabindex:4)
2024-10-18 20:39:29,646 [INFO] PluginManage:310 - Check plugin rif
2024-10-18 20:39:29,658 [INFO] PluginManage:359 - Loaded plugin rif (category:base,tabindex:3)
2024-10-18 20:39:29,658 [INFO] PluginManage:310 - Check plugin thirdparty
2024-10-18 20:39:29,988 [WARN] IntegrityCheckThread:84 - waiting for thirdparty lock release [integrity check]
2024-10-18 20:39:29,988 [INFO] PluginManage:359 - Loaded plugin thirdparty (category:base,tabindex:-1)
2024-10-18 20:39:29,988 [INFO] IntegrityCheckThread:86 - entering critical section [integrity check]
2024-10-18 20:39:29,989 [INFO] PluginManage:310 - Check plugin tools
2024-10-18 20:39:29,989 [INFO] ThirdPartyUpdaterWithRetryManager:70 - Updater plugin not ready yet. [1/15]
2024-10-18 20:39:29,995 [INFO] PluginManage:359 - Loaded plugin tools (category:base,tabindex:7)
2024-10-18 20:39:29,995 [INFO] PluginManage:310 - Check plugin tutovideos
2024-10-18 20:39:30,454 [INFO] PluginManage:359 - Loaded plugin tutovideos (category:base,tabindex:-1)
2024-10-18 20:39:30,454 [INFO] PluginManage:310 - Check plugin updater
2024-10-18 20:39:30,499 [INFO] PluginManage:359 - Loaded plugin updater (category:base,tabindex:12)
2024-10-18 20:39:30,500 [INFO] PluginManage:310 - Check plugin userauth
2024-10-18 20:39:30,513 [INFO] UserAuth:113 - Init User Auth plugin
2024-10-18 20:39:30,513 [INFO] PluginManage:359 - Loaded plugin userauth (category:base,tabindex:14)
2024-10-18 20:39:30,515 [INFO] PluginManage:283 - PluginManage : Loaded plugins [18]
2024-10-18 20:39:31,012 [INFO] PinOutPanel:1561 - setPackage(No Configuration,No Configuration)
2024-10-18 20:39:31,197 [INFO] CADModel:165 - CPN selected for project level
2024-10-18 20:39:31,197 [INFO] CADModel:114 - Register for checkConnection events
2024-10-18 20:39:31,232 [INFO] IPUIPlugin:80 - create IPUIPlugin
2024-10-18 20:39:31,232 [INFO] PluginManager:220 - loadIPPluginJar : add usbx
2024-10-18 20:39:31,238 [INFO] IPUIPlugin:80 - create IPUIPlugin
2024-10-18 20:39:31,239 [INFO] PluginManager:220 - loadIPPluginJar : add dfsdm
2024-10-18 20:39:31,248 [INFO] IPUIPlugin:80 - create IPUIPlugin
2024-10-18 20:39:31,249 [INFO] PluginManager:220 - loadIPPluginJar : add spi
2024-10-18 20:39:31,256 [INFO] IPUIPlugin:80 - create IPUIPlugin
2024-10-18 20:39:31,256 [INFO] PluginManager:220 - loadIPPluginJar : add gfxmmu
2024-10-18 20:39:31,264 [INFO] IPUIPlugin:80 - create IPUIPlugin
2024-10-18 20:39:31,265 [INFO] PluginManager:220 - loadIPPluginJar : add ipddr
2024-10-18 20:39:31,270 [INFO] IPUIPlugin:80 - create IPUIPlugin
2024-10-18 20:39:31,270 [INFO] PluginManager:220 - loadIPPluginJar : add tim
2024-10-18 20:39:31,276 [INFO] IPUIPlugin:80 - create IPUIPlugin
2024-10-18 20:39:31,277 [INFO] PluginManager:220 - loadIPPluginJar : add cryp
2024-10-18 20:39:31,283 [INFO] IPUIPlugin:80 - create IPUIPlugin
2024-10-18 20:39:31,283 [INFO] PluginManager:220 - loadIPPluginJar : add i2c
2024-10-18 20:39:31,288 [INFO] IPUIPlugin:80 - create IPUIPlugin
2024-10-18 20:39:31,288 [INFO] PluginManager:220 - loadIPPluginJar : add fatfs
2024-10-18 20:39:31,305 [INFO] IPUIPlugin:80 - create IPUIPlugin
2024-10-18 20:39:31,305 [INFO] PluginManager:220 - loadIPPluginJar : add linkedlist
2024-10-18 20:39:31,310 [INFO] IPUIPlugin:80 - create IPUIPlugin
2024-10-18 20:39:31,311 [INFO] PluginManager:220 - loadIPPluginJar : add ts
2024-10-18 20:39:31,323 [INFO] IPUIPlugin:80 - create IPUIPlugin
2024-10-18 20:39:31,324 [INFO] PluginManager:220 - loadIPPluginJar : add dma
2024-10-18 20:39:31,336 [INFO] IPUIPlugin:80 - create IPUIPlugin
2024-10-18 20:39:31,336 [INFO] PluginManager:220 - loadIPPluginJar : add opamp
2024-10-18 20:39:31,342 [INFO] IPUIPlugin:80 - create IPUIPlugin
2024-10-18 20:39:31,342 [INFO] PluginManager:220 - loadIPPluginJar : add hash
2024-10-18 20:39:31,347 [INFO] IPUIPlugin:80 - create IPUIPlugin
2024-10-18 20:39:31,348 [INFO] PluginManager:220 - loadIPPluginJar : add can
2024-10-18 20:39:31,356 [INFO] IPUIPlugin:80 - create IPUIPlugin
2024-10-18 20:39:31,356 [INFO] PluginManager:220 - loadIPPluginJar : add nvic
2024-10-18 20:39:31,364 [INFO] IPUIPlugin:80 - create IPUIPlugin
2024-10-18 20:39:31,365 [INFO] PluginManager:220 - loadIPPluginJar : add touchsensing
2024-10-18 20:39:31,370 [INFO] IPUIPlugin:80 - create IPUIPlugin
2024-10-18 20:39:31,371 [INFO] PluginManager:220 - loadIPPluginJar : add tracer_emb
2024-10-18 20:39:31,378 [INFO] IPUIPlugin:80 - create IPUIPlugin
2024-10-18 20:39:31,378 [INFO] PluginManager:220 - loadIPPluginJar : add dma3
2024-10-18 20:39:31,387 [INFO] IPUIPlugin:80 - create IPUIPlugin
2024-10-18 20:39:31,388 [INFO] PluginManager:220 - loadIPPluginJar : add resmgrutility
2024-10-18 20:39:31,391 [INFO] IPUIPlugin:80 - create IPUIPlugin
2024-10-18 20:39:31,391 [INFO] PluginManager:220 - loadIPPluginJar : add ltdc
2024-10-18 20:39:31,396 [INFO] IPUIPlugin:80 - create IPUIPlugin
2024-10-18 20:39:31,396 [INFO] PluginManager:220 - loadIPPluginJar : add i2s
2024-10-18 20:39:31,400 [INFO] IPUIPlugin:80 - create IPUIPlugin
2024-10-18 20:39:31,400 [INFO] PluginManager:220 - loadIPPluginJar : add genericplugin
2024-10-18 20:39:31,414 [INFO] IPUIPlugin:80 - create IPUIPlugin
2024-10-18 20:39:31,414 [INFO] PluginManager:220 - loadIPPluginJar : add gic
2024-10-18 20:39:31,429 [INFO] IPUIPlugin:80 - create IPUIPlugin
2024-10-18 20:39:31,430 [INFO] PluginManager:220 - loadIPPluginJar : add mdma
2024-10-18 20:39:31,442 [INFO] IPUIPlugin:80 - create IPUIPlugin
2024-10-18 20:39:31,442 [INFO] PluginManager:220 - loadIPPluginJar : add fmc
2024-10-18 20:39:31,446 [INFO] IPUIPlugin:80 - create IPUIPlugin
2024-10-18 20:39:31,446 [INFO] PluginManager:220 - loadIPPluginJar : add tsc
2024-10-18 20:39:31,452 [INFO] IPUIPlugin:80 - create IPUIPlugin
2024-10-18 20:39:31,453 [INFO] PluginManager:220 - loadIPPluginJar : add aes
2024-10-18 20:39:31,461 [INFO] IPUIPlugin:80 - create IPUIPlugin
2024-10-18 20:39:31,462 [INFO] PluginManager:220 - loadIPPluginJar : add gpio
2024-10-18 20:39:31,469 [INFO] IPUIPlugin:80 - create IPUIPlugin
2024-10-18 20:39:31,470 [INFO] PluginManager:220 - loadIPPluginJar : add lorawan
2024-10-18 20:39:31,481 [INFO] IPUIPlugin:80 - create IPUIPlugin
2024-10-18 20:39:31,482 [INFO] PluginManager:220 - loadIPPluginJar : add freertos
2024-10-18 20:39:31,488 [INFO] IPUIPlugin:80 - create IPUIPlugin
2024-10-18 20:39:31,489 [INFO] PluginManager:220 - loadIPPluginJar : add openamp
2024-10-18 20:39:31,493 [INFO] IPUIPlugin:80 - create IPUIPlugin
2024-10-18 20:39:31,494 [INFO] PluginManager:220 - loadIPPluginJar : add usart
2024-10-18 20:39:31,509 [INFO] IPUIPlugin:80 - create IPUIPlugin
2024-10-18 20:39:31,509 [INFO] PluginManager:220 - loadIPPluginJar : add stm32_wpan
2024-10-18 20:39:31,522 [INFO] IPUIPlugin:80 - create IPUIPlugin
2024-10-18 20:39:31,523 [INFO] PluginManager:220 - loadIPPluginJar : add adc
2024-10-18 20:39:31,529 [INFO] IPUIPlugin:80 - create IPUIPlugin
2024-10-18 20:39:31,530 [INFO] PluginManager:220 - loadIPPluginJar : add sai
2024-10-18 20:39:31,538 [INFO] IPUIPlugin:80 - create IPUIPlugin
2024-10-18 20:39:31,539 [INFO] PluginManager:220 - loadIPPluginJar : add i3c
2024-10-18 20:39:31,553 [INFO] IPUIPlugin:80 - create IPUIPlugin
2024-10-18 20:39:31,559 [INFO] PluginManager:220 - loadIPPluginJar : add plateformsettings
2024-10-18 20:39:31,563 [INFO] IPUIPlugin:80 - create IPUIPlugin
2024-10-18 20:39:31,565 [INFO] PluginManager:220 - loadIPPluginJar : add radio
2024-10-18 20:39:31,572 [INFO] IPUIPlugin:80 - create IPUIPlugin
2024-10-18 20:39:31,572 [INFO] PluginManager:220 - loadIPPluginJar : add quadspi
2024-10-18 20:39:31,579 [INFO] IPUIPlugin:80 - create IPUIPlugin
2024-10-18 20:39:31,579 [INFO] PluginManager:220 - loadIPPluginJar : add gtzc
2024-10-18 20:39:31,586 [INFO] IPUIPlugin:80 - create IPUIPlugin
2024-10-18 20:39:31,587 [INFO] PluginManager:220 - loadIPPluginJar : add extmemmanager
2024-10-18 20:39:31,590 [INFO] IPUIPlugin:80 - create IPUIPlugin
2024-10-18 20:39:31,591 [INFO] PluginManager:220 - loadIPPluginJar : add comp
2024-10-18 20:39:31,597 [INFO] IPUIPlugin:80 - create IPUIPlugin
2024-10-18 20:39:31,598 [INFO] PluginManager:220 - loadIPPluginJar : add pdm2pcm
2024-10-18 20:39:31,608 [INFO] IPUIPlugin:80 - create IPUIPlugin
2024-10-18 20:39:31,609 [INFO] PluginManager:220 - loadIPPluginJar : add ddr_ctrl_phy
2024-10-18 20:39:31,613 [INFO] IPUIPlugin:80 - create IPUIPlugin
2024-10-18 20:39:31,613 [INFO] PluginManager:220 - loadIPPluginJar : add ucpd
2024-10-18 20:39:31,796 [INFO] CADModel:165 - CPN selected for project level
2024-10-18 20:39:31,796 [INFO] CADModel:114 - Register for checkConnection events
2024-10-18 20:39:31,797 [FATAL] Updater:334 - Updater called before beeing initialized
2024-10-18 20:39:31,797 [ERROR] CADModel:125 - Updater not yet initialized, retry later 
2024-10-18 20:39:32,120 [INFO] CADModel:165 - CPN selected for project level
2024-10-18 20:39:32,120 [INFO] CADModel:114 - Register for checkConnection events
2024-10-18 20:39:32,121 [FATAL] Updater:334 - Updater called before beeing initialized
2024-10-18 20:39:32,121 [ERROR] CADModel:125 - Updater not yet initialized, retry later 
2024-10-18 20:39:32,128 [FATAL] Updater:334 - Updater called before beeing initialized
2024-10-18 20:39:32,352 [FATAL] Updater:334 - Updater called before beeing initialized
2024-10-18 20:39:32,361 [INFO] DbMcusAds:53 - JSON generation date=Fri Sep 20 14:04:23 IST 2024 (1726837463113)
2024-10-18 20:39:32,362 [FATAL] Updater:334 - Updater called before beeing initialized
2024-10-18 20:39:32,452 [WARN] DetailPanel:346 - Failed to get advertising image, set to default
2024-10-18 20:39:32,622 [FATAL] Updater:334 - Updater called before beeing initialized
2024-10-18 20:39:32,625 [FATAL] Updater:334 - Updater called before beeing initialized
2024-10-18 20:39:32,625 [FATAL] Updater:334 - Updater called before beeing initialized
2024-10-18 20:39:32,626 [WARN] DetailPanel:346 - Failed to get advertising image, set to default
2024-10-18 20:39:32,628 [FATAL] Updater:334 - Updater called before beeing initialized
2024-10-18 20:39:32,732 [ERROR] Updater:1164 - MainUpdater not yet initialized. External WinMGr cannot be set.
2024-10-18 20:39:32,736 [INFO] Updater:1100 - Updater Version found : 6.12.1
2024-10-18 20:39:32,787 [INFO] ApplicationProperties:184 - Using Application install path: /home/ger/stm32cubeide_1.16.1/plugins/com.st.stm32cube.common.mx_6.12.1.202409122256
2024-10-18 20:39:32,834 [ERROR] LogOutputStream:75 - [STDERR_REDIRECT] Oct 18, 2024 8:39:32 PM java.util.prefs.FileSystemPreferences$2 run
2024-10-18 20:39:32,834 [ERROR] LogOutputStream:75 - [STDERR_REDIRECT] WARNING: Could not create system preferences directory. System preferences are unusable.
2024-10-18 20:39:32,835 [ERROR] LogOutputStream:75 - [STDERR_REDIRECT] 
2024-10-18 20:39:32,991 [INFO] ThirdPartyUpdaterWithRetryManager:70 - Updater plugin not ready yet. [2/15]
2024-10-18 20:39:33,916 [INFO] MainUpdater:2873 - connection check result : 10
2024-10-18 20:39:33,917 [INFO] MainUpdater:3567 - Updater definition file requires update
2024-10-18 20:39:33,919 [INFO] MainUpdater:290 - Updater Check For Update Now.
2024-10-18 20:39:33,919 [INFO] MicroXplorer:498 - Change Database Version : DB.6.0.121
2024-10-18 20:39:33,933 [INFO] McuFinderGlobals:63 - Set McuFinder mode to 2 (CubeIDE integrated)
2024-10-18 20:39:33,936 [INFO] UserAuth:417 - Internet connection configuration mode: 1
2024-10-18 20:39:33,975 [INFO] JxBrowserEngine:152 - Initiate JxBrowser Engine with user profile folder
2024-10-18 20:39:34,632 [INFO] ServerAccessManage:473 - Download File updaters.zip
2024-10-18 20:39:34,942 [INFO] FileExtend:240 - Unzip File : updaters.zip
2024-10-18 20:39:34,942 [INFO] FileExtend:255 - Standard Zip Deflate
2024-10-18 20:39:35,503 [INFO] ServerAccessManage:473 - Download File PacksControlFlags.xml
2024-10-18 20:39:35,939 [INFO] ServerAccessManage:473 - Download File cubemx.pidx
2024-10-18 20:39:35,993 [WARN] MainUpdater:1194 - Updater busy. Cannot search thirdparties
2024-10-18 20:39:35,995 [INFO] ThirdPartyUpdaterWithRetryManager:96 - Updater plugin is busy. [1/15]
2024-10-18 20:39:38,202 [INFO] ServerAccessManage:473 - Download File STMicroelectronics.X-CUBE-IPS.pdsc
2024-10-18 20:39:38,912 [INFO] WebApp:167 - Instantiating new browser for Auth
2024-10-18 20:39:38,999 [WARN] MainUpdater:1194 - Updater busy. Cannot search thirdparties
2024-10-18 20:39:38,999 [INFO] ThirdPartyUpdaterWithRetryManager:96 - Updater plugin is busy. [2/15]
2024-10-18 20:39:41,570 [INFO] ServerAccessManage:473 - Download File STMicroelectronics.X-CUBE-WB05N.pdsc
2024-10-18 20:39:42,003 [WARN] MainUpdater:1194 - Updater busy. Cannot search thirdparties
2024-10-18 20:39:42,003 [INFO] ThirdPartyUpdaterWithRetryManager:96 - Updater plugin is busy. [3/15]
2024-10-18 20:39:43,110 [WARN] PackLoader:240 - Cannot read IP mode file for STMicroelectronics.X-CUBE-IPS.3.0.0
2024-10-18 20:39:43,256 [WARN] PackLoader:240 - Cannot read IP mode file for STMicroelectronics.X-CUBE-WB05N.1.1.0
2024-10-18 20:39:43,268 [INFO] PopulateThirdPartyThread:66 - Ending populate Thread
2024-10-18 20:39:43,273 [INFO] ThirdParty:1030 - CMSIS Pack Vendor :STMicroelectronics X-CUBE-IPS 3.0.0
2024-10-18 20:39:43,274 [INFO] ThirdParty:1030 - CMSIS Pack Vendor :STMicroelectronics X-CUBE-WB05N 1.1.0
2024-10-18 20:39:43,274 [INFO] LoadServerUpdatesThread:375 - End of LoadServerUpdate Thread
2024-10-18 20:39:43,293 [INFO] CheckServerUpdateThread:120 - End of CheckServer Thread
2024-10-18 20:39:43,786 [INFO] WebApp:448 - Apply proxy settings
2024-10-18 20:39:43,787 [INFO] WebApp:533 - Chromium requires no authentication
2024-10-18 20:39:43,814 [INFO] WebApp:476 - Direct internet connection detected
2024-10-18 20:39:43,869 [INFO] WebApp:869 - Register for checkConnection events
2024-10-18 20:39:43,869 [INFO] WebApp:448 - Apply proxy settings
2024-10-18 20:39:43,870 [INFO] WebApp:533 - Chromium requires no authentication
2024-10-18 20:39:43,872 [INFO] WebApp:476 - Direct internet connection detected
2024-10-18 20:39:44,317 [INFO] WebApp:186 - Connection restablished
2024-10-18 20:39:44,697 [INFO] WebApp:220 - Starting web application
2024-10-18 20:39:44,697 [INFO] WebApp:578 - Web application path used /home/ger/stm32cubeide_1.16.1/plugins/com.st.stm32cube.common.mx_6.12.1.202409122256/db/plugins/mcufinder/reactClient1/index.html
2024-10-18 20:39:45,480 [INFO] UserAuth:417 - Internet connection configuration mode: 1
2024-10-18 20:39:45,917 [WARN] PackLoader:240 - Cannot read IP mode file for STMicroelectronics.FP-SNS-MOTENVWB1.1.4.0
2024-10-18 20:39:45,951 [WARN] PackLoader:240 - Cannot read IP mode file for STMicroelectronics.X-CUBE-SMBUS.2.1.0
2024-10-18 20:39:46,014 [WARN] PackLoader:240 - Cannot read IP mode file for STMicroelectronics.X-CUBE-WB05N.1.1.0
2024-10-18 20:39:46,197 [WARN] PackLoader:240 - Cannot read IP mode file for STMicroelectronics.X-CUBE-AZRTOS-F7.1.1.0
2024-10-18 20:39:47,152 [WARN] PackLoader:240 - Cannot read IP mode file for STMicroelectronics.X-CUBE-MEMS1.11.0.0
2024-10-18 20:39:48,805 [WARN] PackLoader:240 - Cannot read IP mode file for STMicroelectronics.FP-SNS-FLIGHT1.5.0.2
2024-10-18 20:39:48,842 [WARN] PackLoader:240 - Cannot read IP mode file for STMicroelectronics.X-CUBE-DISPLAY.3.0.0
2024-10-18 20:39:48,877 [WARN] PackLoader:240 - Cannot read IP mode file for STMicroelectronics.X-CUBE-BLE1.7.0.0
2024-10-18 20:39:48,904 [WARN] PackLoader:240 - Cannot read IP mode file for STMicroelectronics.X-CUBE-NFC10.1.0.0
2024-10-18 20:39:48,941 [WARN] PackLoader:240 - Cannot read IP mode file for emotas.I-CUBE-CANOPEN.1.3.0
2024-10-18 20:39:48,993 [WARN] PackLoader:240 - Cannot read IP mode file for STMicroelectronics.X-CUBE-BLEMGR.3.1.0
2024-10-18 20:39:49,016 [WARN] PackLoader:240 - Cannot read IP mode file for STMicroelectronics.FP-SNS-SMARTAG2.1.2.0
2024-10-18 20:39:49,024 [ERROR] LogOutputStream:75 - [STDERR_REDIRECT] Oct 18, 2024 8:39:49 PM java.util.prefs.FileSystemPreferences checkLockFile0ErrorCode
2024-10-18 20:39:49,034 [ERROR] LogOutputStream:75 - [STDERR_REDIRECT] WARNING: Could not lock System prefs. Unix error code 2.
2024-10-18 20:39:49,036 [ERROR] LogOutputStream:75 - [STDERR_REDIRECT] 
2024-10-18 20:39:49,053 [INFO] LogOutputStream:77 - [STDOUT_REDIRECT] 1 : Invalid condition id : UX_CORESTACK_Condition cause : null
2024-10-18 20:39:49,054 [INFO] LogOutputStream:77 - [STDOUT_REDIRECT] 1 : Invalid condition id : UX_CORESTACK_Condition cause : null
2024-10-18 20:39:49,055 [INFO] LogOutputStream:77 - [STDOUT_REDIRECT] 1 : Invalid condition id : UX_CORESTACK_Condition cause : null
2024-10-18 20:39:49,056 [INFO] LogOutputStream:77 - [STDOUT_REDIRECT] 1 : Invalid condition id : UX_CORESTACK_Condition cause : null
2024-10-18 20:39:49,057 [INFO] LogOutputStream:77 - [STDOUT_REDIRECT] 1 : Invalid condition id : UX_CORESTACK_Condition cause : null
2024-10-18 20:39:49,059 [ERROR] LogOutputStream:75 - [STDERR_REDIRECT] Oct 18, 2024 8:39:49 PM java.util.prefs.FileSystemPreferences syncWorld
2024-10-18 20:39:49,070 [WARN] PackLoader:240 - Cannot read IP mode file for STMicroelectronics.X-CUBE-AZRTOS-WL.2.0.0
2024-10-18 20:39:49,070 [ERROR] LogOutputStream:75 - [STDERR_REDIRECT] WARNING: Couldn't flush system prefs: java.util.prefs.BackingStoreException: Couldn't get file lock.
2024-10-18 20:39:49,071 [ERROR] LogOutputStream:75 - [STDERR_REDIRECT] 
2024-10-18 20:39:49,097 [WARN] PackLoader:240 - Cannot read IP mode file for STMicroelectronics.FP-SNS-MOTENV1.5.0.0
2024-10-18 20:39:49,120 [WARN] PackLoader:240 - Cannot read IP mode file for wolfSSL.I-CUBE-wolfMQTT.1.19.0
2024-10-18 20:39:49,162 [WARN] PackLoader:240 - Cannot read IP mode file for WES.I-CUBE-Cesium.1.3.0
2024-10-18 20:39:49,181 [WARN] PackLoader:240 - Cannot read IP mode file for STMicroelectronics.X-CUBE-BLE2.3.3.0
2024-10-18 20:39:49,209 [WARN] PackLoader:240 - Cannot read IP mode file for STMicroelectronics.X-CUBE-NFC9.1.0.0
2024-10-18 20:39:49,245 [WARN] PackLoader:240 - Cannot read IP mode file for STMicroelectronics.X-CUBE-TCPP.4.1.0
2024-10-18 20:39:49,331 [WARN] PackLoader:240 - Cannot read IP mode file for STMicroelectronics.X-CUBE-AZRTOS-G0.1.1.0
2024-10-18 20:39:49,383 [WARN] PackLoader:240 - Cannot read IP mode file for STMicroelectronics.X-CUBE-SAFEA1.1.2.2
2024-10-18 20:39:49,409 [WARN] PackLoader:240 - Cannot read IP mode file for STMicroelectronics.X-CUBE-NFC4.3.0.0
2024-10-18 20:39:49,465 [WARN] PackLoader:240 - Cannot read IP mode file for EmbeddedOffice.I-CUBE-FS-RTOS.1.0.1
2024-10-18 20:39:49,468 [ERROR] ConditionMgr:805 - Attr not supported : Dmpu
2024-10-18 20:39:49,468 [ERROR] ConditionMgr:805 - Attr not supported : Dmpu
2024-10-18 20:39:49,469 [ERROR] ConditionMgr:805 - Attr not supported : Dmpu
2024-10-18 20:39:49,469 [ERROR] ConditionMgr:805 - Attr not supported : Dmpu
2024-10-18 20:39:49,469 [ERROR] ConditionMgr:805 - Attr not supported : Dmpu
2024-10-18 20:39:49,469 [ERROR] ConditionMgr:805 - Attr not supported : Dmpu
2024-10-18 20:39:49,472 [ERROR] ConditionMgr:805 - Attr not supported : Dmpu
2024-10-18 20:39:49,472 [ERROR] ConditionMgr:805 - Attr not supported : Dmpu
2024-10-18 20:39:49,472 [ERROR] ConditionMgr:805 - Attr not supported : Dmpu
2024-10-18 20:39:49,473 [ERROR] ConditionMgr:805 - Attr not supported : Dmpu
2024-10-18 20:39:49,473 [ERROR] ConditionMgr:805 - Attr not supported : Dmpu
2024-10-18 20:39:49,473 [ERROR] ConditionMgr:805 - Attr not supported : Dmpu
2024-10-18 20:39:49,474 [ERROR] ConditionMgr:805 - Attr not supported : Dmpu
2024-10-18 20:39:49,476 [ERROR] ConditionMgr:805 - Attr not supported : Dmpu
2024-10-18 20:39:49,479 [ERROR] ConditionMgr:805 - Attr not supported : Dmpu
2024-10-18 20:39:49,479 [ERROR] ConditionMgr:805 - Attr not supported : Dmpu
2024-10-18 20:39:49,479 [ERROR] ConditionMgr:805 - Attr not supported : Dmpu
2024-10-18 20:39:49,480 [ERROR] ConditionMgr:805 - Attr not supported : Dmpu
2024-10-18 20:39:49,480 [ERROR] ConditionMgr:805 - Attr not supported : Dmpu
2024-10-18 20:39:49,480 [ERROR] ConditionMgr:805 - Attr not supported : Dmpu
2024-10-18 20:39:49,480 [ERROR] ConditionMgr:805 - Attr not supported : Dmpu
2024-10-18 20:39:49,482 [ERROR] ConditionMgr:805 - Attr not supported : Dmpu
2024-10-18 20:39:49,482 [ERROR] ConditionMgr:805 - Attr not supported : Dmpu
2024-10-18 20:39:49,482 [ERROR] ConditionMgr:805 - Attr not supported : Dmpu
2024-10-18 20:39:49,486 [ERROR] ConditionMgr:805 - Attr not supported : Dmpu
2024-10-18 20:39:49,486 [ERROR] ConditionMgr:805 - Attr not supported : Dmpu
2024-10-18 20:39:49,492 [ERROR] ConditionMgr:805 - Attr not supported : Dmpu
2024-10-18 20:39:49,492 [ERROR] ConditionMgr:805 - Attr not supported : Dmpu
2024-10-18 20:39:49,492 [ERROR] ConditionMgr:805 - Attr not supported : Dmpu
2024-10-18 20:39:49,498 [ERROR] ConditionMgr:805 - Attr not supported : Dmpu
2024-10-18 20:39:49,498 [ERROR] ConditionMgr:805 - Attr not supported : Dmpu
2024-10-18 20:39:49,498 [ERROR] ConditionMgr:805 - Attr not supported : Dmpu
2024-10-18 20:39:49,499 [ERROR] ConditionMgr:805 - Attr not supported : Dmpu
2024-10-18 20:39:49,499 [ERROR] ConditionMgr:805 - Attr not supported : Dmpu
2024-10-18 20:39:49,499 [ERROR] ConditionMgr:805 - Attr not supported : Dmpu
2024-10-18 20:39:49,499 [ERROR] ConditionMgr:805 - Attr not supported : Dmpu
2024-10-18 20:39:49,504 [ERROR] ConditionMgr:805 - Attr not supported : Dmpu
2024-10-18 20:39:49,505 [ERROR] ConditionMgr:805 - Attr not supported : Dmpu
2024-10-18 20:39:49,506 [ERROR] ConditionMgr:805 - Attr not supported : Dmpu
2024-10-18 20:39:49,506 [ERROR] ConditionMgr:805 - Attr not supported : Dmpu
2024-10-18 20:39:49,506 [ERROR] ConditionMgr:805 - Attr not supported : Dmpu
2024-10-18 20:39:49,512 [ERROR] ConditionMgr:805 - Attr not supported : Dmpu
2024-10-18 20:39:49,513 [ERROR] ConditionMgr:805 - Attr not supported : Dmpu
2024-10-18 20:39:49,513 [ERROR] ConditionMgr:805 - Attr not supported : Dmpu
2024-10-18 20:39:49,513 [ERROR] ConditionMgr:805 - Attr not supported : Dmpu
2024-10-18 20:39:49,513 [ERROR] ConditionMgr:805 - Attr not supported : Dmpu
2024-10-18 20:39:49,514 [ERROR] ConditionMgr:805 - Attr not supported : Dmpu
2024-10-18 20:39:49,514 [ERROR] ConditionMgr:805 - Attr not supported : Dmpu
2024-10-18 20:39:49,514 [ERROR] ConditionMgr:805 - Attr not supported : Dmpu
2024-10-18 20:39:49,514 [ERROR] ConditionMgr:805 - Attr not supported : Dmpu
2024-10-18 20:39:49,515 [ERROR] ConditionMgr:805 - Attr not supported : Dmpu
2024-10-18 20:39:49,515 [ERROR] ConditionMgr:805 - Attr not supported : Dmpu
2024-10-18 20:39:49,515 [ERROR] ConditionMgr:805 - Attr not supported : Dmpu
2024-10-18 20:39:49,515 [ERROR] ConditionMgr:805 - Attr not supported : Dmpu
2024-10-18 20:39:49,516 [ERROR] ConditionMgr:805 - Attr not supported : Dmpu
2024-10-18 20:39:49,516 [ERROR] ConditionMgr:805 - Attr not supported : Dmpu
2024-10-18 20:39:49,516 [ERROR] ConditionMgr:805 - Attr not supported : Dmpu
2024-10-18 20:39:49,516 [ERROR] ConditionMgr:805 - Attr not supported : Dmpu
2024-10-18 20:39:49,517 [ERROR] ConditionMgr:805 - Attr not supported : Dmpu
2024-10-18 20:39:49,517 [ERROR] ConditionMgr:805 - Attr not supported : Dmpu
2024-10-18 20:39:49,517 [ERROR] ConditionMgr:805 - Attr not supported : Dmpu
2024-10-18 20:39:49,518 [ERROR] ConditionMgr:805 - Attr not supported : Dmpu
2024-10-18 20:39:49,518 [ERROR] ConditionMgr:805 - Attr not supported : Dmpu
2024-10-18 20:39:49,518 [ERROR] ConditionMgr:805 - Attr not supported : Dmpu
2024-10-18 20:39:49,543 [WARN] PackLoader:240 - Cannot read IP mode file for RealThread.X-CUBE-RT-Thread_Nano.4.1.1
2024-10-18 20:39:49,572 [WARN] PackLoader:240 - Cannot read IP mode file for STMicroelectronics.FP-ATR-SIGFOX1.3.2.0
2024-10-18 20:39:49,587 [WARN] PackLoader:240 - Cannot read IP mode file for wolfSSL.I-CUBE-wolfSSL.5.7.2
2024-10-18 20:39:49,632 [WARN] PackLoader:240 - Cannot read IP mode file for STMicroelectronics.X-CUBE-EEPRMA1.5.1.0
2024-10-18 20:39:49,664 [WARN] PackLoader:240 - Cannot read IP mode file for ITTIA_DB.I-CUBE-ITTIADB.8.9.0
2024-10-18 20:39:49,820 [WARN] PackLoader:240 - Cannot read IP mode file for SEGGER.I-CUBE-embOS.1.3.1
2024-10-18 20:39:50,121 [WARN] PackLoader:240 - Cannot read IP mode file for STMicroelectronics.X-CUBE-ALGOBUILD.1.4.0
2024-10-18 20:39:50,135 [WARN] PackLoader:240 - Cannot read IP mode file for STMicroelectronics.X-CUBE-AI.9.1.0
2024-10-18 20:39:50,147 [WARN] PackLoader:240 - Cannot read IP mode file for STMicroelectronics.X-CUBE-GNSS1.6.0.0
2024-10-18 20:39:50,201 [WARN] PackLoader:240 - Cannot read IP mode file for STMicroelectronics.X-CUBE-AZRTOS-F4.1.1.0
2024-10-18 20:39:50,237 [WARN] PackLoader:240 - Cannot read IP mode file for STMicroelectronics.X-CUBE-ISPU.2.1.0
2024-10-18 20:39:50,267 [WARN] PackLoader:240 - Cannot read IP mode file for STMicroelectronics.X-CUBE-FREERTOS.1.2.0
2024-10-18 20:39:50,373 [WARN] PackLoader:240 - Cannot read IP mode file for STMicroelectronics.X-CUBE-AZRTOS-L5.2.0.0
2024-10-18 20:39:50,436 [WARN] PackLoader:240 - Cannot read IP mode file for STMicroelectronics.X-CUBE-NFC6.3.1.0
2024-10-18 20:39:50,463 [WARN] PackLoader:240 - Cannot read IP mode file for STMicroelectronics.X-CUBE-DPower.1.2.0
2024-10-18 20:39:50,476 [WARN] PackLoader:240 - Cannot read IP mode file for STMicroelectronics.X-CUBE-AI.9.0.0
2024-10-18 20:39:50,494 [WARN] PackLoader:240 - Cannot read IP mode file for STMicroelectronics.X-CUBE-NFC7.1.0.1
2024-10-18 20:39:50,576 [WARN] ConditionMgr:438 - getConditionDescription Invalid condition id : LAN8742 Phy interface Condition cause : null
2024-10-18 20:39:50,578 [WARN] PackLoader:240 - Cannot read IP mode file for STMicroelectronics.X-CUBE-AZRTOS-L4.2.0.0
2024-10-18 20:39:50,585 [WARN] ConditionMgr:1039 - genDependencies : Invalid condition id : LAN8742 Phy interface Condition cause : null
2024-10-18 20:39:50,587 [WARN] ConditionMgr:1039 - genDependencies : Invalid condition id : LAN8742 Phy interface Condition cause : null
2024-10-18 20:39:50,589 [WARN] ConditionMgr:1039 - genDependencies : Invalid condition id : LAN8742 Phy interface Condition cause : null
2024-10-18 20:39:50,622 [WARN] PackLoader:240 - Cannot read IP mode file for STMicroelectronics.X-CUBE-SFXS2LP1.4.0.0
2024-10-18 20:39:50,770 [WARN] PackLoader:240 - Cannot read IP mode file for STMicroelectronics.X-CUBE-AZRTOS-H7.3.3.0
2024-10-18 20:39:50,843 [WARN] PackLoader:240 - Cannot read IP mode file for STMicroelectronics.X-CUBE-IPS.3.0.0
2024-10-18 20:39:51,203 [WARN] ConditionMgr:438 - getConditionDescription Invalid condition id : UX DEVICE CLASS RTOS Condition cause : null
2024-10-18 20:39:51,204 [WARN] ConditionMgr:438 - getConditionDescription Invalid condition id : UX DEVICE CLASS RTOS Condition cause : null
2024-10-18 20:39:51,210 [WARN] PackLoader:240 - Cannot read IP mode file for STMicroelectronics.X-CUBE-AZRTOS-WB.2.0.0
2024-10-18 20:39:51,213 [WARN] ConditionMgr:1039 - genDependencies : Invalid condition id : UX DEVICE CLASS RTOS Condition cause : null
2024-10-18 20:39:51,214 [WARN] ConditionMgr:1039 - genDependencies : Invalid condition id : UX DEVICE CLASS RTOS Condition cause : null
2024-10-18 20:39:51,215 [WARN] ConditionMgr:1039 - genDependencies : Invalid condition id : UX DEVICE CLASS RTOS Condition cause : null
2024-10-18 20:39:51,218 [WARN] ConditionMgr:1039 - genDependencies : Invalid condition id : UX DEVICE CLASS RTOS Condition cause : null
2024-10-18 20:39:51,218 [WARN] ConditionMgr:1039 - genDependencies : Invalid condition id : UX DEVICE CLASS RTOS Condition cause : null
2024-10-18 20:39:51,309 [WARN] PackLoader:240 - Cannot read IP mode file for STMicroelectronics.X-CUBE-GNSS1.7.0.0
2024-10-18 20:39:51,325 [WARN] PackLoader:240 - Cannot read IP mode file for STMicroelectronics.FP-SNS-STBOX1.2.0.0
2024-10-18 20:39:51,352 [WARN] PackLoader:240 - Cannot read IP mode file for STMicroelectronics.X-CUBE-SUBG2.5.0.0
2024-10-18 20:39:51,374 [WARN] PackLoader:240 - Cannot read IP mode file for Cesanta.I-CUBE-Mongoose.7.13.0
2024-10-18 20:39:51,407 [WARN] PackLoader:240 - Cannot read IP mode file for STMicroelectronics.X-CUBE-AZRTOS-G4.2.0.0
2024-10-18 20:39:51,420 [WARN] PackLoader:240 - Cannot read IP mode file for STMicroelectronics.X-CUBE-ISPU.2.0.0
2024-10-18 20:39:51,432 [WARN] PackLoader:240 - Cannot read IP mode file for STMicroelectronics.X-CUBE-ALS.1.0.2
2024-10-18 20:39:51,444 [WARN] PackLoader:240 - Cannot read IP mode file for STMicroelectronics.X-CUBE-TOUCHGFX.4.24.0
2024-10-18 20:39:51,449 [WARN] PackLoader:240 - Cannot read IP mode file for STMicroelectronics.X-CUBE-TOUCHGFX.4.24.1
2024-10-18 20:39:51,456 [WARN] PackLoader:240 - Cannot read IP mode file for wolfSSL.I-CUBE-wolfTPM.3.4.0
2024-10-18 20:39:51,468 [WARN] PackLoader:240 - Cannot read IP mode file for portGmbH.I-Cube-SoM-uGOAL.1.1.0
2024-10-18 20:39:51,510 [WARN] PackLoader:240 - Cannot read IP mode file for STMicroelectronics.X-CUBE-AZRTOS-H7RS.1.0.0
2024-10-18 20:39:51,526 [WARN] PackLoader:240 - Cannot read IP mode file for STMicroelectronics.FP-ATR-ASTRA1.2.0.0
2024-10-18 20:39:51,553 [WARN] PackLoader:240 - Cannot read IP mode file for STMicroelectronics.X-CUBE-TOF1.3.4.2
2024-10-18 20:39:51,770 [WARN] PackLoader:240 - Cannot read IP mode file for Infineon.AIROC-Wi-Fi-Bluetooth-STM32.1.6.1
2024-10-18 20:39:52,110 [WARN] PackLoader:240 - Cannot read IP mode file for wolfSSL.I-CUBE-wolfSSH.1.4.17
2024-10-18 20:39:52,112 [INFO] ThirdParty:978 - Integrity check success = true
2024-10-18 20:39:52,112 [INFO] IntegrityCheckThread:100 - exiting critical section [integrity check]
2024-10-18 20:39:52,112 [INFO] IntegrityCheckThread:103 - End integrity checks thread
2024-10-18 20:40:18,902 [ERROR] LogOutputStream:75 - [STDERR_REDIRECT] Oct 18, 2024 8:40:18 PM java.util.prefs.FileSystemPreferences checkLockFile0ErrorCode
2024-10-18 20:40:18,904 [ERROR] LogOutputStream:75 - [STDERR_REDIRECT] WARNING: Could not lock System prefs. Unix error code 2.
2024-10-18 20:40:18,905 [ERROR] LogOutputStream:75 - [STDERR_REDIRECT] 
2024-10-18 20:40:18,909 [ERROR] LogOutputStream:75 - [STDERR_REDIRECT] Oct 18, 2024 8:40:18 PM java.util.prefs.FileSystemPreferences syncWorld
2024-10-18 20:40:18,915 [ERROR] LogOutputStream:75 - [STDERR_REDIRECT] WARNING: Couldn't flush system prefs: java.util.prefs.BackingStoreException: Couldn't get file lock.
2024-10-18 20:40:18,915 [ERROR] LogOutputStream:75 - [STDERR_REDIRECT] 
2024-10-18 20:40:48,900 [ERROR] LogOutputStream:75 - [STDERR_REDIRECT] Oct 18, 2024 8:40:48 PM java.util.prefs.FileSystemPreferences checkLockFile0ErrorCode
2024-10-18 20:40:48,901 [ERROR] LogOutputStream:75 - [STDERR_REDIRECT] WARNING: Could not lock System prefs. Unix error code 2.
2024-10-18 20:40:48,901 [ERROR] LogOutputStream:75 - [STDERR_REDIRECT] 
2024-10-18 20:40:48,902 [ERROR] LogOutputStream:75 - [STDERR_REDIRECT] Oct 18, 2024 8:40:48 PM java.util.prefs.FileSystemPreferences syncWorld
2024-10-18 20:40:48,902 [ERROR] LogOutputStream:75 - [STDERR_REDIRECT] WARNING: Couldn't flush system prefs: java.util.prefs.BackingStoreException: Couldn't get file lock.
2024-10-18 20:40:48,902 [ERROR] LogOutputStream:75 - [STDERR_REDIRECT] 
2024-10-18 20:41:18,981 [ERROR] LogOutputStream:75 - [STDERR_REDIRECT] Oct 18, 2024 8:41:18 PM java.util.prefs.FileSystemPreferences checkLockFile0ErrorCode
2024-10-18 20:41:18,985 [ERROR] LogOutputStream:75 - [STDERR_REDIRECT] WARNING: Could not lock System prefs. Unix error code 2.
2024-10-18 20:41:18,985 [ERROR] LogOutputStream:75 - [STDERR_REDIRECT] 
2024-10-18 20:41:18,987 [ERROR] LogOutputStream:75 - [STDERR_REDIRECT] Oct 18, 2024 8:41:18 PM java.util.prefs.FileSystemPreferences syncWorld
2024-10-18 20:41:18,987 [ERROR] LogOutputStream:75 - [STDERR_REDIRECT] WARNING: Couldn't flush system prefs: java.util.prefs.BackingStoreException: Couldn't get file lock.
2024-10-18 20:41:18,987 [ERROR] LogOutputStream:75 - [STDERR_REDIRECT] 
2024-10-18 20:41:49,129 [ERROR] LogOutputStream:75 - [STDERR_REDIRECT] Oct 18, 2024 8:41:49 PM java.util.prefs.FileSystemPreferences checkLockFile0ErrorCode
2024-10-18 20:41:49,213 [ERROR] LogOutputStream:75 - [STDERR_REDIRECT] WARNING: Could not lock System prefs. Unix error code 2.
2024-10-18 20:41:49,213 [ERROR] LogOutputStream:75 - [STDERR_REDIRECT] 
2024-10-18 20:41:49,214 [ERROR] LogOutputStream:75 - [STDERR_REDIRECT] Oct 18, 2024 8:41:49 PM java.util.prefs.FileSystemPreferences syncWorld
2024-10-18 20:41:49,215 [ERROR] LogOutputStream:75 - [STDERR_REDIRECT] WARNING: Couldn't flush system prefs: java.util.prefs.BackingStoreException: Couldn't get file lock.
2024-10-18 20:41:49,215 [ERROR] LogOutputStream:75 - [STDERR_REDIRECT] 
2024-10-18 20:42:18,900 [ERROR] LogOutputStream:75 - [STDERR_REDIRECT] Oct 18, 2024 8:42:18 PM java.util.prefs.FileSystemPreferences checkLockFile0ErrorCode
2024-10-18 20:42:18,901 [ERROR] LogOutputStream:75 - [STDERR_REDIRECT] WARNING: Could not lock System prefs. Unix error code 2.
2024-10-18 20:42:18,902 [ERROR] LogOutputStream:75 - [STDERR_REDIRECT] 
2024-10-18 20:42:18,903 [ERROR] LogOutputStream:75 - [STDERR_REDIRECT] Oct 18, 2024 8:42:18 PM java.util.prefs.FileSystemPreferences syncWorld
2024-10-18 20:42:18,904 [ERROR] LogOutputStream:75 - [STDERR_REDIRECT] WARNING: Couldn't flush system prefs: java.util.prefs.BackingStoreException: Couldn't get file lock.
2024-10-18 20:42:18,904 [ERROR] LogOutputStream:75 - [STDERR_REDIRECT] 
2024-10-18 20:42:48,903 [ERROR] LogOutputStream:75 - [STDERR_REDIRECT] Oct 18, 2024 8:42:48 PM java.util.prefs.FileSystemPreferences checkLockFile0ErrorCode
2024-10-18 20:42:48,903 [ERROR] LogOutputStream:75 - [STDERR_REDIRECT] WARNING: Could not lock System prefs. Unix error code 2.
2024-10-18 20:42:48,904 [ERROR] LogOutputStream:75 - [STDERR_REDIRECT] 
2024-10-18 20:42:48,905 [ERROR] LogOutputStream:75 - [STDERR_REDIRECT] Oct 18, 2024 8:42:48 PM java.util.prefs.FileSystemPreferences syncWorld
2024-10-18 20:42:48,905 [ERROR] LogOutputStream:75 - [STDERR_REDIRECT] WARNING: Couldn't flush system prefs: java.util.prefs.BackingStoreException: Couldn't get file lock.
2024-10-18 20:42:48,906 [ERROR] LogOutputStream:75 - [STDERR_REDIRECT] 
2024-10-18 20:43:18,900 [ERROR] LogOutputStream:75 - [STDERR_REDIRECT] Oct 18, 2024 8:43:18 PM java.util.prefs.FileSystemPreferences checkLockFile0ErrorCode
2024-10-18 20:43:18,901 [ERROR] LogOutputStream:75 - [STDERR_REDIRECT] WARNING: Could not lock System prefs. Unix error code 2.
2024-10-18 20:43:18,901 [ERROR] LogOutputStream:75 - [STDERR_REDIRECT] 
2024-10-18 20:43:18,903 [ERROR] LogOutputStream:75 - [STDERR_REDIRECT] Oct 18, 2024 8:43:18 PM java.util.prefs.FileSystemPreferences syncWorld
2024-10-18 20:43:18,904 [ERROR] LogOutputStream:75 - [STDERR_REDIRECT] WARNING: Couldn't flush system prefs: java.util.prefs.BackingStoreException: Couldn't get file lock.
2024-10-18 20:43:18,904 [ERROR] LogOutputStream:75 - [STDERR_REDIRECT] 
2024-10-18 20:43:48,901 [ERROR] LogOutputStream:75 - [STDERR_REDIRECT] Oct 18, 2024 8:43:48 PM java.util.prefs.FileSystemPreferences checkLockFile0ErrorCode
2024-10-18 20:43:48,901 [ERROR] LogOutputStream:75 - [STDERR_REDIRECT] WARNING: Could not lock System prefs. Unix error code 2.
2024-10-18 20:43:48,902 [ERROR] LogOutputStream:75 - [STDERR_REDIRECT] 
2024-10-18 20:43:48,903 [ERROR] LogOutputStream:75 - [STDERR_REDIRECT] Oct 18, 2024 8:43:48 PM java.util.prefs.FileSystemPreferences syncWorld
2024-10-18 20:43:48,903 [ERROR] LogOutputStream:75 - [STDERR_REDIRECT] WARNING: Couldn't flush system prefs: java.util.prefs.BackingStoreException: Couldn't get file lock.
2024-10-18 20:43:48,904 [ERROR] LogOutputStream:75 - [STDERR_REDIRECT] 
2024-10-18 20:44:18,901 [ERROR] LogOutputStream:75 - [STDERR_REDIRECT] Oct 18, 2024 8:44:18 PM java.util.prefs.FileSystemPreferences checkLockFile0ErrorCode
2024-10-18 20:44:18,901 [ERROR] LogOutputStream:75 - [STDERR_REDIRECT] WARNING: Could not lock System prefs. Unix error code 2.
2024-10-18 20:44:18,902 [ERROR] LogOutputStream:75 - [STDERR_REDIRECT] 
2024-10-18 20:44:18,903 [ERROR] LogOutputStream:75 - [STDERR_REDIRECT] Oct 18, 2024 8:44:18 PM java.util.prefs.FileSystemPreferences syncWorld
2024-10-18 20:44:18,903 [ERROR] LogOutputStream:75 - [STDERR_REDIRECT] WARNING: Couldn't flush system prefs: java.util.prefs.BackingStoreException: Couldn't get file lock.
2024-10-18 20:44:18,904 [ERROR] LogOutputStream:75 - [STDERR_REDIRECT] 
2024-10-18 20:44:48,903 [ERROR] LogOutputStream:75 - [STDERR_REDIRECT] Oct 18, 2024 8:44:48 PM java.util.prefs.FileSystemPreferences checkLockFile0ErrorCode
2024-10-18 20:44:48,904 [ERROR] LogOutputStream:75 - [STDERR_REDIRECT] WARNING: Could not lock System prefs. Unix error code 2.
2024-10-18 20:44:48,905 [ERROR] LogOutputStream:75 - [STDERR_REDIRECT] 
2024-10-18 20:44:48,906 [ERROR] LogOutputStream:75 - [STDERR_REDIRECT] Oct 18, 2024 8:44:48 PM java.util.prefs.FileSystemPreferences syncWorld
2024-10-18 20:44:48,907 [ERROR] LogOutputStream:75 - [STDERR_REDIRECT] WARNING: Couldn't flush system prefs: java.util.prefs.BackingStoreException: Couldn't get file lock.
2024-10-18 20:44:48,907 [ERROR] LogOutputStream:75 - [STDERR_REDIRECT] 
2024-10-18 20:45:18,902 [ERROR] LogOutputStream:75 - [STDERR_REDIRECT] Oct 18, 2024 8:45:18 PM java.util.prefs.FileSystemPreferences checkLockFile0ErrorCode
2024-10-18 20:45:18,902 [ERROR] LogOutputStream:75 - [STDERR_REDIRECT] WARNING: Could not lock System prefs. Unix error code 2.
2024-10-18 20:45:18,902 [ERROR] LogOutputStream:75 - [STDERR_REDIRECT] 
2024-10-18 20:45:18,903 [ERROR] LogOutputStream:75 - [STDERR_REDIRECT] Oct 18, 2024 8:45:18 PM java.util.prefs.FileSystemPreferences syncWorld
2024-10-18 20:45:18,904 [ERROR] LogOutputStream:75 - [STDERR_REDIRECT] WARNING: Couldn't flush system prefs: java.util.prefs.BackingStoreException: Couldn't get file lock.
2024-10-18 20:45:18,904 [ERROR] LogOutputStream:75 - [STDERR_REDIRECT] 
2024-10-18 20:45:48,902 [ERROR] LogOutputStream:75 - [STDERR_REDIRECT] Oct 18, 2024 8:45:48 PM java.util.prefs.FileSystemPreferences checkLockFile0ErrorCode
2024-10-18 20:45:48,902 [ERROR] LogOutputStream:75 - [STDERR_REDIRECT] WARNING: Could not lock System prefs. Unix error code 2.
2024-10-18 20:45:48,903 [ERROR] LogOutputStream:75 - [STDERR_REDIRECT] 
2024-10-18 20:45:48,904 [ERROR] LogOutputStream:75 - [STDERR_REDIRECT] Oct 18, 2024 8:45:48 PM java.util.prefs.FileSystemPreferences syncWorld
2024-10-18 20:45:48,904 [ERROR] LogOutputStream:75 - [STDERR_REDIRECT] WARNING: Couldn't flush system prefs: java.util.prefs.BackingStoreException: Couldn't get file lock.
2024-10-18 20:45:48,905 [ERROR] LogOutputStream:75 - [STDERR_REDIRECT] 
2024-10-18 20:46:18,901 [ERROR] LogOutputStream:75 - [STDERR_REDIRECT] Oct 18, 2024 8:46:18 PM java.util.prefs.FileSystemPreferences checkLockFile0ErrorCode
2024-10-18 20:46:18,902 [ERROR] LogOutputStream:75 - [STDERR_REDIRECT] WARNING: Could not lock System prefs. Unix error code 2.
2024-10-18 20:46:18,903 [ERROR] LogOutputStream:75 - [STDERR_REDIRECT] 
2024-10-18 20:46:18,904 [ERROR] LogOutputStream:75 - [STDERR_REDIRECT] Oct 18, 2024 8:46:18 PM java.util.prefs.FileSystemPreferences syncWorld
2024-10-18 20:46:18,905 [ERROR] LogOutputStream:75 - [STDERR_REDIRECT] WARNING: Couldn't flush system prefs: java.util.prefs.BackingStoreException: Couldn't get file lock.
2024-10-18 20:46:18,905 [ERROR] LogOutputStream:75 - [STDERR_REDIRECT] 
2024-10-18 20:46:48,902 [ERROR] LogOutputStream:75 - [STDERR_REDIRECT] Oct 18, 2024 8:46:48 PM java.util.prefs.FileSystemPreferences checkLockFile0ErrorCode
2024-10-18 20:46:48,903 [ERROR] LogOutputStream:75 - [STDERR_REDIRECT] WARNING: Could not lock System prefs. Unix error code 2.
2024-10-18 20:46:48,903 [ERROR] LogOutputStream:75 - [STDERR_REDIRECT] 
2024-10-18 20:46:48,904 [ERROR] LogOutputStream:75 - [STDERR_REDIRECT] Oct 18, 2024 8:46:48 PM java.util.prefs.FileSystemPreferences syncWorld
2024-10-18 20:46:48,904 [ERROR] LogOutputStream:75 - [STDERR_REDIRECT] WARNING: Couldn't flush system prefs: java.util.prefs.BackingStoreException: Couldn't get file lock.
2024-10-18 20:46:48,905 [ERROR] LogOutputStream:75 - [STDERR_REDIRECT] 
2024-10-18 20:47:18,901 [ERROR] LogOutputStream:75 - [STDERR_REDIRECT] Oct 18, 2024 8:47:18 PM java.util.prefs.FileSystemPreferences checkLockFile0ErrorCode
2024-10-18 20:47:18,902 [ERROR] LogOutputStream:75 - [STDERR_REDIRECT] WARNING: Could not lock System prefs. Unix error code 2.
2024-10-18 20:47:18,903 [ERROR] LogOutputStream:75 - [STDERR_REDIRECT] 
2024-10-18 20:47:18,905 [ERROR] LogOutputStream:75 - [STDERR_REDIRECT] Oct 18, 2024 8:47:18 PM java.util.prefs.FileSystemPreferences syncWorld
2024-10-18 20:47:18,905 [ERROR] LogOutputStream:75 - [STDERR_REDIRECT] WARNING: Couldn't flush system prefs: java.util.prefs.BackingStoreException: Couldn't get file lock.
2024-10-18 20:47:18,906 [ERROR] LogOutputStream:75 - [STDERR_REDIRECT] 
2024-10-18 20:47:48,901 [ERROR] LogOutputStream:75 - [STDERR_REDIRECT] Oct 18, 2024 8:47:48 PM java.util.prefs.FileSystemPreferences checkLockFile0ErrorCode
2024-10-18 20:47:48,902 [ERROR] LogOutputStream:75 - [STDERR_REDIRECT] WARNING: Could not lock System prefs. Unix error code 2.
2024-10-18 20:47:48,903 [ERROR] LogOutputStream:75 - [STDERR_REDIRECT] 
2024-10-18 20:47:48,905 [ERROR] LogOutputStream:75 - [STDERR_REDIRECT] Oct 18, 2024 8:47:48 PM java.util.prefs.FileSystemPreferences syncWorld
2024-10-18 20:47:48,906 [ERROR] LogOutputStream:75 - [STDERR_REDIRECT] WARNING: Couldn't flush system prefs: java.util.prefs.BackingStoreException: Couldn't get file lock.
2024-10-18 20:47:48,909 [ERROR] LogOutputStream:75 - [STDERR_REDIRECT] 
2024-10-18 20:48:18,903 [ERROR] LogOutputStream:75 - [STDERR_REDIRECT] Oct 18, 2024 8:48:18 PM java.util.prefs.FileSystemPreferences checkLockFile0ErrorCode
2024-10-18 20:48:18,904 [ERROR] LogOutputStream:75 - [STDERR_REDIRECT] WARNING: Could not lock System prefs. Unix error code 2.
2024-10-18 20:48:18,904 [ERROR] LogOutputStream:75 - [STDERR_REDIRECT] 
2024-10-18 20:48:18,905 [ERROR] LogOutputStream:75 - [STDERR_REDIRECT] Oct 18, 2024 8:48:18 PM java.util.prefs.FileSystemPreferences syncWorld
2024-10-18 20:48:18,906 [ERROR] LogOutputStream:75 - [STDERR_REDIRECT] WARNING: Couldn't flush system prefs: java.util.prefs.BackingStoreException: Couldn't get file lock.
2024-10-18 20:48:18,906 [ERROR] LogOutputStream:75 - [STDERR_REDIRECT] 
2024-10-18 20:48:48,902 [ERROR] LogOutputStream:75 - [STDERR_REDIRECT] Oct 18, 2024 8:48:48 PM java.util.prefs.FileSystemPreferences checkLockFile0ErrorCode
2024-10-18 20:48:48,903 [ERROR] LogOutputStream:75 - [STDERR_REDIRECT] WARNING: Could not lock System prefs. Unix error code 2.
2024-10-18 20:48:48,903 [ERROR] LogOutputStream:75 - [STDERR_REDIRECT] 
2024-10-18 20:48:48,904 [ERROR] LogOutputStream:75 - [STDERR_REDIRECT] Oct 18, 2024 8:48:48 PM java.util.prefs.FileSystemPreferences syncWorld
2024-10-18 20:48:48,905 [ERROR] LogOutputStream:75 - [STDERR_REDIRECT] WARNING: Couldn't flush system prefs: java.util.prefs.BackingStoreException: Couldn't get file lock.
2024-10-18 20:48:48,906 [ERROR] LogOutputStream:75 - [STDERR_REDIRECT] 
2024-10-18 20:49:18,901 [ERROR] LogOutputStream:75 - [STDERR_REDIRECT] Oct 18, 2024 8:49:18 PM java.util.prefs.FileSystemPreferences checkLockFile0ErrorCode
2024-10-18 20:49:18,901 [ERROR] LogOutputStream:75 - [STDERR_REDIRECT] WARNING: Could not lock System prefs. Unix error code 2.
2024-10-18 20:49:18,902 [ERROR] LogOutputStream:75 - [STDERR_REDIRECT] 
2024-10-18 20:49:18,903 [ERROR] LogOutputStream:75 - [STDERR_REDIRECT] Oct 18, 2024 8:49:18 PM java.util.prefs.FileSystemPreferences syncWorld
2024-10-18 20:49:18,903 [ERROR] LogOutputStream:75 - [STDERR_REDIRECT] WARNING: Couldn't flush system prefs: java.util.prefs.BackingStoreException: Couldn't get file lock.
2024-10-18 20:49:18,904 [ERROR] LogOutputStream:75 - [STDERR_REDIRECT] 
2024-10-18 20:49:48,901 [ERROR] LogOutputStream:75 - [STDERR_REDIRECT] Oct 18, 2024 8:49:48 PM java.util.prefs.FileSystemPreferences checkLockFile0ErrorCode
2024-10-18 20:49:48,902 [ERROR] LogOutputStream:75 - [STDERR_REDIRECT] WARNING: Could not lock System prefs. Unix error code 2.
2024-10-18 20:49:48,902 [ERROR] LogOutputStream:75 - [STDERR_REDIRECT] 
2024-10-18 20:49:48,903 [ERROR] LogOutputStream:75 - [STDERR_REDIRECT] Oct 18, 2024 8:49:48 PM java.util.prefs.FileSystemPreferences syncWorld
2024-10-18 20:49:48,904 [ERROR] LogOutputStream:75 - [STDERR_REDIRECT] WARNING: Couldn't flush system prefs: java.util.prefs.BackingStoreException: Couldn't get file lock.
2024-10-18 20:49:48,905 [ERROR] LogOutputStream:75 - [STDERR_REDIRECT] 
2024-10-18 20:50:18,901 [ERROR] LogOutputStream:75 - [STDERR_REDIRECT] Oct 18, 2024 8:50:18 PM java.util.prefs.FileSystemPreferences checkLockFile0ErrorCode
2024-10-18 20:50:18,901 [ERROR] LogOutputStream:75 - [STDERR_REDIRECT] WARNING: Could not lock System prefs. Unix error code 2.
2024-10-18 20:50:18,901 [ERROR] LogOutputStream:75 - [STDERR_REDIRECT] 
2024-10-18 20:50:18,903 [ERROR] LogOutputStream:75 - [STDERR_REDIRECT] Oct 18, 2024 8:50:18 PM java.util.prefs.FileSystemPreferences syncWorld
2024-10-18 20:50:18,903 [ERROR] LogOutputStream:75 - [STDERR_REDIRECT] WARNING: Couldn't flush system prefs: java.util.prefs.BackingStoreException: Couldn't get file lock.
2024-10-18 20:50:18,904 [ERROR] LogOutputStream:75 - [STDERR_REDIRECT] 
2024-10-18 20:50:48,901 [ERROR] LogOutputStream:75 - [STDERR_REDIRECT] Oct 18, 2024 8:50:48 PM java.util.prefs.FileSystemPreferences checkLockFile0ErrorCode
2024-10-18 20:50:48,901 [ERROR] LogOutputStream:75 - [STDERR_REDIRECT] WARNING: Could not lock System prefs. Unix error code 2.
2024-10-18 20:50:48,902 [ERROR] LogOutputStream:75 - [STDERR_REDIRECT] 
2024-10-18 20:50:48,903 [ERROR] LogOutputStream:75 - [STDERR_REDIRECT] Oct 18, 2024 8:50:48 PM java.util.prefs.FileSystemPreferences syncWorld
2024-10-18 20:50:48,903 [ERROR] LogOutputStream:75 - [STDERR_REDIRECT] WARNING: Couldn't flush system prefs: java.util.prefs.BackingStoreException: Couldn't get file lock.
2024-10-18 20:50:48,903 [ERROR] LogOutputStream:75 - [STDERR_REDIRECT] 
2024-10-18 20:51:18,902 [ERROR] LogOutputStream:75 - [STDERR_REDIRECT] Oct 18, 2024 8:51:18 PM java.util.prefs.FileSystemPreferences checkLockFile0ErrorCode
2024-10-18 20:51:18,903 [ERROR] LogOutputStream:75 - [STDERR_REDIRECT] WARNING: Could not lock System prefs. Unix error code 2.
2024-10-18 20:51:18,904 [ERROR] LogOutputStream:75 - [STDERR_REDIRECT] 
2024-10-18 20:51:18,906 [ERROR] LogOutputStream:75 - [STDERR_REDIRECT] Oct 18, 2024 8:51:18 PM java.util.prefs.FileSystemPreferences syncWorld
2024-10-18 20:51:18,906 [ERROR] LogOutputStream:75 - [STDERR_REDIRECT] WARNING: Couldn't flush system prefs: java.util.prefs.BackingStoreException: Couldn't get file lock.
2024-10-18 20:51:18,907 [ERROR] LogOutputStream:75 - [STDERR_REDIRECT] 
2024-10-18 20:51:48,903 [ERROR] LogOutputStream:75 - [STDERR_REDIRECT] Oct 18, 2024 8:51:48 PM java.util.prefs.FileSystemPreferences checkLockFile0ErrorCode
2024-10-18 20:51:48,904 [ERROR] LogOutputStream:75 - [STDERR_REDIRECT] WARNING: Could not lock System prefs. Unix error code 2.
2024-10-18 20:51:48,905 [ERROR] LogOutputStream:75 - [STDERR_REDIRECT] 
2024-10-18 20:51:48,907 [ERROR] LogOutputStream:75 - [STDERR_REDIRECT] Oct 18, 2024 8:51:48 PM java.util.prefs.FileSystemPreferences syncWorld
2024-10-18 20:51:48,908 [ERROR] LogOutputStream:75 - [STDERR_REDIRECT] WARNING: Couldn't flush system prefs: java.util.prefs.BackingStoreException: Couldn't get file lock.
2024-10-18 20:51:48,908 [ERROR] LogOutputStream:75 - [STDERR_REDIRECT] 
2024-10-18 20:52:18,902 [ERROR] LogOutputStream:75 - [STDERR_REDIRECT] Oct 18, 2024 8:52:18 PM java.util.prefs.FileSystemPreferences checkLockFile0ErrorCode
2024-10-18 20:52:18,903 [ERROR] LogOutputStream:75 - [STDERR_REDIRECT] WARNING: Could not lock System prefs. Unix error code 2.
2024-10-18 20:52:18,903 [ERROR] LogOutputStream:75 - [STDERR_REDIRECT] 
2024-10-18 20:52:18,906 [ERROR] LogOutputStream:75 - [STDERR_REDIRECT] Oct 18, 2024 8:52:18 PM java.util.prefs.FileSystemPreferences syncWorld
2024-10-18 20:52:18,906 [ERROR] LogOutputStream:75 - [STDERR_REDIRECT] WARNING: Couldn't flush system prefs: java.util.prefs.BackingStoreException: Couldn't get file lock.
2024-10-18 20:52:18,906 [ERROR] LogOutputStream:75 - [STDERR_REDIRECT] 
2024-10-18 20:52:48,902 [ERROR] LogOutputStream:75 - [STDERR_REDIRECT] Oct 18, 2024 8:52:48 PM java.util.prefs.FileSystemPreferences checkLockFile0ErrorCode
2024-10-18 20:52:48,902 [ERROR] LogOutputStream:75 - [STDERR_REDIRECT] WARNING: Could not lock System prefs. Unix error code 2.
2024-10-18 20:52:48,903 [ERROR] LogOutputStream:75 - [STDERR_REDIRECT] 
2024-10-18 20:52:48,903 [ERROR] LogOutputStream:75 - [STDERR_REDIRECT] Oct 18, 2024 8:52:48 PM java.util.prefs.FileSystemPreferences syncWorld
2024-10-18 20:52:48,904 [ERROR] LogOutputStream:75 - [STDERR_REDIRECT] WARNING: Couldn't flush system prefs: java.util.prefs.BackingStoreException: Couldn't get file lock.
2024-10-18 20:52:48,904 [ERROR] LogOutputStream:75 - [STDERR_REDIRECT] 
2024-10-18 20:53:18,902 [ERROR] LogOutputStream:75 - [STDERR_REDIRECT] Oct 18, 2024 8:53:18 PM java.util.prefs.FileSystemPreferences checkLockFile0ErrorCode
2024-10-18 20:53:18,903 [ERROR] LogOutputStream:75 - [STDERR_REDIRECT] WARNING: Could not lock System prefs. Unix error code 2.
2024-10-18 20:53:18,903 [ERROR] LogOutputStream:75 - [STDERR_REDIRECT] 
2024-10-18 20:53:18,904 [ERROR] LogOutputStream:75 - [STDERR_REDIRECT] Oct 18, 2024 8:53:18 PM java.util.prefs.FileSystemPreferences syncWorld
2024-10-18 20:53:18,905 [ERROR] LogOutputStream:75 - [STDERR_REDIRECT] WARNING: Couldn't flush system prefs: java.util.prefs.BackingStoreException: Couldn't get file lock.
2024-10-18 20:53:18,905 [ERROR] LogOutputStream:75 - [STDERR_REDIRECT] 
2024-10-18 20:53:48,903 [ERROR] LogOutputStream:75 - [STDERR_REDIRECT] Oct 18, 2024 8:53:48 PM java.util.prefs.FileSystemPreferences checkLockFile0ErrorCode
2024-10-18 20:53:48,904 [ERROR] LogOutputStream:75 - [STDERR_REDIRECT] WARNING: Could not lock System prefs. Unix error code 2.
2024-10-18 20:53:48,904 [ERROR] LogOutputStream:75 - [STDERR_REDIRECT] 
2024-10-18 20:53:48,905 [ERROR] LogOutputStream:75 - [STDERR_REDIRECT] Oct 18, 2024 8:53:48 PM java.util.prefs.FileSystemPreferences syncWorld
2024-10-18 20:53:48,906 [ERROR] LogOutputStream:75 - [STDERR_REDIRECT] WARNING: Couldn't flush system prefs: java.util.prefs.BackingStoreException: Couldn't get file lock.
2024-10-18 20:53:48,906 [ERROR] LogOutputStream:75 - [STDERR_REDIRECT] 
2024-10-18 20:54:18,902 [ERROR] LogOutputStream:75 - [STDERR_REDIRECT] Oct 18, 2024 8:54:18 PM java.util.prefs.FileSystemPreferences checkLockFile0ErrorCode
2024-10-18 20:54:18,903 [ERROR] LogOutputStream:75 - [STDERR_REDIRECT] WARNING: Could not lock System prefs. Unix error code 2.
2024-10-18 20:54:18,903 [ERROR] LogOutputStream:75 - [STDERR_REDIRECT] 
2024-10-18 20:54:18,905 [ERROR] LogOutputStream:75 - [STDERR_REDIRECT] Oct 18, 2024 8:54:18 PM java.util.prefs.FileSystemPreferences syncWorld
2024-10-18 20:54:18,905 [ERROR] LogOutputStream:75 - [STDERR_REDIRECT] WARNING: Couldn't flush system prefs: java.util.prefs.BackingStoreException: Couldn't get file lock.
2024-10-18 20:54:18,906 [ERROR] LogOutputStream:75 - [STDERR_REDIRECT] 
2024-10-18 20:54:48,902 [ERROR] LogOutputStream:75 - [STDERR_REDIRECT] Oct 18, 2024 8:54:48 PM java.util.prefs.FileSystemPreferences checkLockFile0ErrorCode
2024-10-18 20:54:48,902 [ERROR] LogOutputStream:75 - [STDERR_REDIRECT] WARNING: Could not lock System prefs. Unix error code 2.
2024-10-18 20:54:48,903 [ERROR] LogOutputStream:75 - [STDERR_REDIRECT] 
2024-10-18 20:54:48,904 [ERROR] LogOutputStream:75 - [STDERR_REDIRECT] Oct 18, 2024 8:54:48 PM java.util.prefs.FileSystemPreferences syncWorld
2024-10-18 20:54:48,905 [ERROR] LogOutputStream:75 - [STDERR_REDIRECT] WARNING: Couldn't flush system prefs: java.util.prefs.BackingStoreException: Couldn't get file lock.
2024-10-18 20:54:48,905 [ERROR] LogOutputStream:75 - [STDERR_REDIRECT] 
2024-10-18 20:55:18,902 [ERROR] LogOutputStream:75 - [STDERR_REDIRECT] Oct 18, 2024 8:55:18 PM java.util.prefs.FileSystemPreferences checkLockFile0ErrorCode
2024-10-18 20:55:18,903 [ERROR] LogOutputStream:75 - [STDERR_REDIRECT] WARNING: Could not lock System prefs. Unix error code 2.
2024-10-18 20:55:18,903 [ERROR] LogOutputStream:75 - [STDERR_REDIRECT] 
2024-10-18 20:55:18,905 [ERROR] LogOutputStream:75 - [STDERR_REDIRECT] Oct 18, 2024 8:55:18 PM java.util.prefs.FileSystemPreferences syncWorld
2024-10-18 20:55:18,905 [ERROR] LogOutputStream:75 - [STDERR_REDIRECT] WARNING: Couldn't flush system prefs: java.util.prefs.BackingStoreException: Couldn't get file lock.
2024-10-18 20:55:18,906 [ERROR] LogOutputStream:75 - [STDERR_REDIRECT] 
2024-10-18 20:55:48,902 [ERROR] LogOutputStream:75 - [STDERR_REDIRECT] Oct 18, 2024 8:55:48 PM java.util.prefs.FileSystemPreferences checkLockFile0ErrorCode
2024-10-18 20:55:48,903 [ERROR] LogOutputStream:75 - [STDERR_REDIRECT] WARNING: Could not lock System prefs. Unix error code 2.
2024-10-18 20:55:48,903 [ERROR] LogOutputStream:75 - [STDERR_REDIRECT] 
2024-10-18 20:55:48,905 [ERROR] LogOutputStream:75 - [STDERR_REDIRECT] Oct 18, 2024 8:55:48 PM java.util.prefs.FileSystemPreferences syncWorld
2024-10-18 20:55:48,907 [ERROR] LogOutputStream:75 - [STDERR_REDIRECT] WARNING: Couldn't flush system prefs: java.util.prefs.BackingStoreException: Couldn't get file lock.
2024-10-18 20:55:48,907 [ERROR] LogOutputStream:75 - [STDERR_REDIRECT] 
2024-10-18 20:56:18,904 [ERROR] LogOutputStream:75 - [STDERR_REDIRECT] Oct 18, 2024 8:56:18 PM java.util.prefs.FileSystemPreferences checkLockFile0ErrorCode
2024-10-18 20:56:18,905 [ERROR] LogOutputStream:75 - [STDERR_REDIRECT] WARNING: Could not lock System prefs. Unix error code 2.
2024-10-18 20:56:18,906 [ERROR] LogOutputStream:75 - [STDERR_REDIRECT] 
2024-10-18 20:56:18,907 [ERROR] LogOutputStream:75 - [STDERR_REDIRECT] Oct 18, 2024 8:56:18 PM java.util.prefs.FileSystemPreferences syncWorld
2024-10-18 20:56:18,908 [ERROR] LogOutputStream:75 - [STDERR_REDIRECT] WARNING: Couldn't flush system prefs: java.util.prefs.BackingStoreException: Couldn't get file lock.
2024-10-18 20:56:18,909 [ERROR] LogOutputStream:75 - [STDERR_REDIRECT] 
2024-10-18 20:56:48,903 [ERROR] LogOutputStream:75 - [STDERR_REDIRECT] Oct 18, 2024 8:56:48 PM java.util.prefs.FileSystemPreferences checkLockFile0ErrorCode
2024-10-18 20:56:48,904 [ERROR] LogOutputStream:75 - [STDERR_REDIRECT] WARNING: Could not lock System prefs. Unix error code 2.
2024-10-18 20:56:48,904 [ERROR] LogOutputStream:75 - [STDERR_REDIRECT] 
2024-10-18 20:56:48,905 [ERROR] LogOutputStream:75 - [STDERR_REDIRECT] Oct 18, 2024 8:56:48 PM java.util.prefs.FileSystemPreferences syncWorld
2024-10-18 20:56:48,906 [ERROR] LogOutputStream:75 - [STDERR_REDIRECT] WARNING: Couldn't flush system prefs: java.util.prefs.BackingStoreException: Couldn't get file lock.
2024-10-18 20:56:48,906 [ERROR] LogOutputStream:75 - [STDERR_REDIRECT] 
2024-10-18 20:57:18,903 [ERROR] LogOutputStream:75 - [STDERR_REDIRECT] Oct 18, 2024 8:57:18 PM java.util.prefs.FileSystemPreferences checkLockFile0ErrorCode
2024-10-18 20:57:18,904 [ERROR] LogOutputStream:75 - [STDERR_REDIRECT] WARNING: Could not lock System prefs. Unix error code 2.
2024-10-18 20:57:18,905 [ERROR] LogOutputStream:75 - [STDERR_REDIRECT] 
2024-10-18 20:57:18,907 [ERROR] LogOutputStream:75 - [STDERR_REDIRECT] Oct 18, 2024 8:57:18 PM java.util.prefs.FileSystemPreferences syncWorld
2024-10-18 20:57:18,908 [ERROR] LogOutputStream:75 - [STDERR_REDIRECT] WARNING: Couldn't flush system prefs: java.util.prefs.BackingStoreException: Couldn't get file lock.
2024-10-18 20:57:18,908 [ERROR] LogOutputStream:75 - [STDERR_REDIRECT] 
2024-10-18 20:57:48,905 [ERROR] LogOutputStream:75 - [STDERR_REDIRECT] Oct 18, 2024 8:57:48 PM java.util.prefs.FileSystemPreferences checkLockFile0ErrorCode
2024-10-18 20:57:48,906 [ERROR] LogOutputStream:75 - [STDERR_REDIRECT] WARNING: Could not lock System prefs. Unix error code 2.
2024-10-18 20:57:48,907 [ERROR] LogOutputStream:75 - [STDERR_REDIRECT] 
2024-10-18 20:57:48,909 [ERROR] LogOutputStream:75 - [STDERR_REDIRECT] Oct 18, 2024 8:57:48 PM java.util.prefs.FileSystemPreferences syncWorld
2024-10-18 20:57:48,909 [ERROR] LogOutputStream:75 - [STDERR_REDIRECT] WARNING: Couldn't flush system prefs: java.util.prefs.BackingStoreException: Couldn't get file lock.
2024-10-18 20:57:48,910 [ERROR] LogOutputStream:75 - [STDERR_REDIRECT] 
2024-10-18 20:58:18,903 [ERROR] LogOutputStream:75 - [STDERR_REDIRECT] Oct 18, 2024 8:58:18 PM java.util.prefs.FileSystemPreferences checkLockFile0ErrorCode
2024-10-18 20:58:18,903 [ERROR] LogOutputStream:75 - [STDERR_REDIRECT] WARNING: Could not lock System prefs. Unix error code 2.
2024-10-18 20:58:18,904 [ERROR] LogOutputStream:75 - [STDERR_REDIRECT] 
2024-10-18 20:58:18,905 [ERROR] LogOutputStream:75 - [STDERR_REDIRECT] Oct 18, 2024 8:58:18 PM java.util.prefs.FileSystemPreferences syncWorld
2024-10-18 20:58:18,905 [ERROR] LogOutputStream:75 - [STDERR_REDIRECT] WARNING: Couldn't flush system prefs: java.util.prefs.BackingStoreException: Couldn't get file lock.
2024-10-18 20:58:18,905 [ERROR] LogOutputStream:75 - [STDERR_REDIRECT] 
2024-10-18 20:58:48,903 [ERROR] LogOutputStream:75 - [STDERR_REDIRECT] Oct 18, 2024 8:58:48 PM java.util.prefs.FileSystemPreferences checkLockFile0ErrorCode
2024-10-18 20:58:48,904 [ERROR] LogOutputStream:75 - [STDERR_REDIRECT] WARNING: Could not lock System prefs. Unix error code 2.
2024-10-18 20:58:48,904 [ERROR] LogOutputStream:75 - [STDERR_REDIRECT] 
2024-10-18 20:58:48,905 [ERROR] LogOutputStream:75 - [STDERR_REDIRECT] Oct 18, 2024 8:58:48 PM java.util.prefs.FileSystemPreferences syncWorld
2024-10-18 20:58:48,906 [ERROR] LogOutputStream:75 - [STDERR_REDIRECT] WARNING: Couldn't flush system prefs: java.util.prefs.BackingStoreException: Couldn't get file lock.
2024-10-18 20:58:48,906 [ERROR] LogOutputStream:75 - [STDERR_REDIRECT] 
2024-10-18 20:59:18,903 [ERROR] LogOutputStream:75 - [STDERR_REDIRECT] Oct 18, 2024 8:59:18 PM java.util.prefs.FileSystemPreferences checkLockFile0ErrorCode
2024-10-18 20:59:18,904 [ERROR] LogOutputStream:75 - [STDERR_REDIRECT] WARNING: Could not lock System prefs. Unix error code 2.
2024-10-18 20:59:18,904 [ERROR] LogOutputStream:75 - [STDERR_REDIRECT] 
2024-10-18 20:59:18,938 [ERROR] LogOutputStream:75 - [STDERR_REDIRECT] Oct 18, 2024 8:59:18 PM java.util.prefs.FileSystemPreferences syncWorld
2024-10-18 20:59:18,939 [ERROR] LogOutputStream:75 - [STDERR_REDIRECT] WARNING: Couldn't flush system prefs: java.util.prefs.BackingStoreException: Couldn't get file lock.
2024-10-18 20:59:18,939 [ERROR] LogOutputStream:75 - [STDERR_REDIRECT] 
2024-10-18 20:59:48,903 [ERROR] LogOutputStream:75 - [STDERR_REDIRECT] Oct 18, 2024 8:59:48 PM java.util.prefs.FileSystemPreferences checkLockFile0ErrorCode
2024-10-18 20:59:48,904 [ERROR] LogOutputStream:75 - [STDERR_REDIRECT] WARNING: Could not lock System prefs. Unix error code 2.
2024-10-18 20:59:48,904 [ERROR] LogOutputStream:75 - [STDERR_REDIRECT] 
2024-10-18 20:59:48,905 [ERROR] LogOutputStream:75 - [STDERR_REDIRECT] Oct 18, 2024 8:59:48 PM java.util.prefs.FileSystemPreferences syncWorld
2024-10-18 20:59:48,906 [ERROR] LogOutputStream:75 - [STDERR_REDIRECT] WARNING: Couldn't flush system prefs: java.util.prefs.BackingStoreException: Couldn't get file lock.
2024-10-18 20:59:48,907 [ERROR] LogOutputStream:75 - [STDERR_REDIRECT] 
2024-10-18 21:00:18,903 [ERROR] LogOutputStream:75 - [STDERR_REDIRECT] Oct 18, 2024 9:00:18 PM java.util.prefs.FileSystemPreferences checkLockFile0ErrorCode
2024-10-18 21:00:18,904 [ERROR] LogOutputStream:75 - [STDERR_REDIRECT] WARNING: Could not lock System prefs. Unix error code 2.
2024-10-18 21:00:18,904 [ERROR] LogOutputStream:75 - [STDERR_REDIRECT] 
2024-10-18 21:00:18,905 [ERROR] LogOutputStream:75 - [STDERR_REDIRECT] Oct 18, 2024 9:00:18 PM java.util.prefs.FileSystemPreferences syncWorld
2024-10-18 21:00:18,905 [ERROR] LogOutputStream:75 - [STDERR_REDIRECT] WARNING: Couldn't flush system prefs: java.util.prefs.BackingStoreException: Couldn't get file lock.
2024-10-18 21:00:18,905 [ERROR] LogOutputStream:75 - [STDERR_REDIRECT] 
2024-10-18 21:00:48,903 [ERROR] LogOutputStream:75 - [STDERR_REDIRECT] Oct 18, 2024 9:00:48 PM java.util.prefs.FileSystemPreferences checkLockFile0ErrorCode
2024-10-18 21:00:48,903 [ERROR] LogOutputStream:75 - [STDERR_REDIRECT] WARNING: Could not lock System prefs. Unix error code 2.
2024-10-18 21:00:48,904 [ERROR] LogOutputStream:75 - [STDERR_REDIRECT] 
2024-10-18 21:00:48,905 [ERROR] LogOutputStream:75 - [STDERR_REDIRECT] Oct 18, 2024 9:00:48 PM java.util.prefs.FileSystemPreferences syncWorld
2024-10-18 21:00:48,905 [ERROR] LogOutputStream:75 - [STDERR_REDIRECT] WARNING: Couldn't flush system prefs: java.util.prefs.BackingStoreException: Couldn't get file lock.
2024-10-18 21:00:48,905 [ERROR] LogOutputStream:75 - [STDERR_REDIRECT] 
2024-10-18 21:01:18,904 [ERROR] LogOutputStream:75 - [STDERR_REDIRECT] Oct 18, 2024 9:01:18 PM java.util.prefs.FileSystemPreferences checkLockFile0ErrorCode
2024-10-18 21:01:18,905 [ERROR] LogOutputStream:75 - [STDERR_REDIRECT] WARNING: Could not lock System prefs. Unix error code 2.
2024-10-18 21:01:18,905 [ERROR] LogOutputStream:75 - [STDERR_REDIRECT] 
2024-10-18 21:01:18,907 [ERROR] LogOutputStream:75 - [STDERR_REDIRECT] Oct 18, 2024 9:01:18 PM java.util.prefs.FileSystemPreferences syncWorld
2024-10-18 21:01:18,907 [ERROR] LogOutputStream:75 - [STDERR_REDIRECT] WARNING: Couldn't flush system prefs: java.util.prefs.BackingStoreException: Couldn't get file lock.
2024-10-18 21:01:18,907 [ERROR] LogOutputStream:75 - [STDERR_REDIRECT] 
2024-10-18 21:01:48,904 [ERROR] LogOutputStream:75 - [STDERR_REDIRECT] Oct 18, 2024 9:01:48 PM java.util.prefs.FileSystemPreferences checkLockFile0ErrorCode
2024-10-18 21:01:48,905 [ERROR] LogOutputStream:75 - [STDERR_REDIRECT] WARNING: Could not lock System prefs. Unix error code 2.
2024-10-18 21:01:48,905 [ERROR] LogOutputStream:75 - [STDERR_REDIRECT] 
2024-10-18 21:01:48,906 [ERROR] LogOutputStream:75 - [STDERR_REDIRECT] Oct 18, 2024 9:01:48 PM java.util.prefs.FileSystemPreferences syncWorld
2024-10-18 21:01:48,906 [ERROR] LogOutputStream:75 - [STDERR_REDIRECT] WARNING: Couldn't flush system prefs: java.util.prefs.BackingStoreException: Couldn't get file lock.
2024-10-18 21:01:48,907 [ERROR] LogOutputStream:75 - [STDERR_REDIRECT] 
2024-10-18 21:02:18,905 [ERROR] LogOutputStream:75 - [STDERR_REDIRECT] Oct 18, 2024 9:02:18 PM java.util.prefs.FileSystemPreferences checkLockFile0ErrorCode
2024-10-18 21:02:18,907 [ERROR] LogOutputStream:75 - [STDERR_REDIRECT] WARNING: Could not lock System prefs. Unix error code 2.
2024-10-18 21:02:18,907 [ERROR] LogOutputStream:75 - [STDERR_REDIRECT] 
2024-10-18 21:02:18,908 [ERROR] LogOutputStream:75 - [STDERR_REDIRECT] Oct 18, 2024 9:02:18 PM java.util.prefs.FileSystemPreferences syncWorld
2024-10-18 21:02:18,909 [ERROR] LogOutputStream:75 - [STDERR_REDIRECT] WARNING: Couldn't flush system prefs: java.util.prefs.BackingStoreException: Couldn't get file lock.
2024-10-18 21:02:18,910 [ERROR] LogOutputStream:75 - [STDERR_REDIRECT] 
2024-10-18 21:02:48,904 [ERROR] LogOutputStream:75 - [STDERR_REDIRECT] Oct 18, 2024 9:02:48 PM java.util.prefs.FileSystemPreferences checkLockFile0ErrorCode
2024-10-18 21:02:48,905 [ERROR] LogOutputStream:75 - [STDERR_REDIRECT] WARNING: Could not lock System prefs. Unix error code 2.
2024-10-18 21:02:48,905 [ERROR] LogOutputStream:75 - [STDERR_REDIRECT] 
2024-10-18 21:02:48,906 [ERROR] LogOutputStream:75 - [STDERR_REDIRECT] Oct 18, 2024 9:02:48 PM java.util.prefs.FileSystemPreferences syncWorld
2024-10-18 21:02:48,907 [ERROR] LogOutputStream:75 - [STDERR_REDIRECT] WARNING: Couldn't flush system prefs: java.util.prefs.BackingStoreException: Couldn't get file lock.
2024-10-18 21:02:48,907 [ERROR] LogOutputStream:75 - [STDERR_REDIRECT] 
2024-10-18 21:03:18,908 [ERROR] LogOutputStream:75 - [STDERR_REDIRECT] Oct 18, 2024 9:03:18 PM java.util.prefs.FileSystemPreferences checkLockFile0ErrorCode
2024-10-18 21:03:18,908 [ERROR] LogOutputStream:75 - [STDERR_REDIRECT] WARNING: Could not lock System prefs. Unix error code 2.
2024-10-18 21:03:18,909 [ERROR] LogOutputStream:75 - [STDERR_REDIRECT] 
2024-10-18 21:03:18,910 [ERROR] LogOutputStream:75 - [STDERR_REDIRECT] Oct 18, 2024 9:03:18 PM java.util.prefs.FileSystemPreferences syncWorld
2024-10-18 21:03:18,911 [ERROR] LogOutputStream:75 - [STDERR_REDIRECT] WARNING: Couldn't flush system prefs: java.util.prefs.BackingStoreException: Couldn't get file lock.
2024-10-18 21:03:18,911 [ERROR] LogOutputStream:75 - [STDERR_REDIRECT] 
2024-10-18 21:03:48,906 [ERROR] LogOutputStream:75 - [STDERR_REDIRECT] Oct 18, 2024 9:03:48 PM java.util.prefs.FileSystemPreferences checkLockFile0ErrorCode
2024-10-18 21:03:48,907 [ERROR] LogOutputStream:75 - [STDERR_REDIRECT] WARNING: Could not lock System prefs. Unix error code 2.
2024-10-18 21:03:48,908 [ERROR] LogOutputStream:75 - [STDERR_REDIRECT] 
2024-10-18 21:03:48,909 [ERROR] LogOutputStream:75 - [STDERR_REDIRECT] Oct 18, 2024 9:03:48 PM java.util.prefs.FileSystemPreferences syncWorld
2024-10-18 21:03:48,909 [ERROR] LogOutputStream:75 - [STDERR_REDIRECT] WARNING: Couldn't flush system prefs: java.util.prefs.BackingStoreException: Couldn't get file lock.
2024-10-18 21:03:48,910 [ERROR] LogOutputStream:75 - [STDERR_REDIRECT] 
2024-10-18 21:04:18,906 [ERROR] LogOutputStream:75 - [STDERR_REDIRECT] Oct 18, 2024 9:04:18 PM java.util.prefs.FileSystemPreferences checkLockFile0ErrorCode
2024-10-18 21:04:18,907 [ERROR] LogOutputStream:75 - [STDERR_REDIRECT] WARNING: Could not lock System prefs. Unix error code 2.
2024-10-18 21:04:18,907 [ERROR] LogOutputStream:75 - [STDERR_REDIRECT] 
2024-10-18 21:04:18,910 [ERROR] LogOutputStream:75 - [STDERR_REDIRECT] Oct 18, 2024 9:04:18 PM java.util.prefs.FileSystemPreferences syncWorld
2024-10-18 21:04:18,911 [ERROR] LogOutputStream:75 - [STDERR_REDIRECT] WARNING: Couldn't flush system prefs: java.util.prefs.BackingStoreException: Couldn't get file lock.
2024-10-18 21:04:18,911 [ERROR] LogOutputStream:75 - [STDERR_REDIRECT] 
2024-10-18 21:04:48,907 [ERROR] LogOutputStream:75 - [STDERR_REDIRECT] Oct 18, 2024 9:04:48 PM java.util.prefs.FileSystemPreferences checkLockFile0ErrorCode
2024-10-18 21:04:48,907 [ERROR] LogOutputStream:75 - [STDERR_REDIRECT] WARNING: Could not lock System prefs. Unix error code 2.
2024-10-18 21:04:48,908 [ERROR] LogOutputStream:75 - [STDERR_REDIRECT] 
2024-10-18 21:04:48,909 [ERROR] LogOutputStream:75 - [STDERR_REDIRECT] Oct 18, 2024 9:04:48 PM java.util.prefs.FileSystemPreferences syncWorld
2024-10-18 21:04:48,909 [ERROR] LogOutputStream:75 - [STDERR_REDIRECT] WARNING: Couldn't flush system prefs: java.util.prefs.BackingStoreException: Couldn't get file lock.
2024-10-18 21:04:48,909 [ERROR] LogOutputStream:75 - [STDERR_REDIRECT] 
2024-10-18 21:05:18,908 [ERROR] LogOutputStream:75 - [STDERR_REDIRECT] Oct 18, 2024 9:05:18 PM java.util.prefs.FileSystemPreferences checkLockFile0ErrorCode
2024-10-18 21:05:18,908 [ERROR] LogOutputStream:75 - [STDERR_REDIRECT] WARNING: Could not lock System prefs. Unix error code 2.
2024-10-18 21:05:18,909 [ERROR] LogOutputStream:75 - [STDERR_REDIRECT] 
2024-10-18 21:05:18,911 [ERROR] LogOutputStream:75 - [STDERR_REDIRECT] Oct 18, 2024 9:05:18 PM java.util.prefs.FileSystemPreferences syncWorld
2024-10-18 21:05:18,911 [ERROR] LogOutputStream:75 - [STDERR_REDIRECT] WARNING: Couldn't flush system prefs: java.util.prefs.BackingStoreException: Couldn't get file lock.
2024-10-18 21:05:18,912 [ERROR] LogOutputStream:75 - [STDERR_REDIRECT] 
2024-10-18 21:05:48,908 [ERROR] LogOutputStream:75 - [STDERR_REDIRECT] Oct 18, 2024 9:05:48 PM java.util.prefs.FileSystemPreferences checkLockFile0ErrorCode
2024-10-18 21:05:48,909 [ERROR] LogOutputStream:75 - [STDERR_REDIRECT] WARNING: Could not lock System prefs. Unix error code 2.
2024-10-18 21:05:48,909 [ERROR] LogOutputStream:75 - [STDERR_REDIRECT] 
2024-10-18 21:05:48,910 [ERROR] LogOutputStream:75 - [STDERR_REDIRECT] Oct 18, 2024 9:05:48 PM java.util.prefs.FileSystemPreferences syncWorld
2024-10-18 21:05:48,911 [ERROR] LogOutputStream:75 - [STDERR_REDIRECT] WARNING: Couldn't flush system prefs: java.util.prefs.BackingStoreException: Couldn't get file lock.
2024-10-18 21:05:48,911 [ERROR] LogOutputStream:75 - [STDERR_REDIRECT] 
2024-10-18 21:06:18,907 [ERROR] LogOutputStream:75 - [STDERR_REDIRECT] Oct 18, 2024 9:06:18 PM java.util.prefs.FileSystemPreferences checkLockFile0ErrorCode
2024-10-18 21:06:18,908 [ERROR] LogOutputStream:75 - [STDERR_REDIRECT] WARNING: Could not lock System prefs. Unix error code 2.
2024-10-18 21:06:18,909 [ERROR] LogOutputStream:75 - [STDERR_REDIRECT] 
2024-10-18 21:06:18,910 [ERROR] LogOutputStream:75 - [STDERR_REDIRECT] Oct 18, 2024 9:06:18 PM java.util.prefs.FileSystemPreferences syncWorld
2024-10-18 21:06:18,910 [ERROR] LogOutputStream:75 - [STDERR_REDIRECT] WARNING: Couldn't flush system prefs: java.util.prefs.BackingStoreException: Couldn't get file lock.
2024-10-18 21:06:18,910 [ERROR] LogOutputStream:75 - [STDERR_REDIRECT] 
2024-10-18 21:06:48,908 [ERROR] LogOutputStream:75 - [STDERR_REDIRECT] Oct 18, 2024 9:06:48 PM java.util.prefs.FileSystemPreferences checkLockFile0ErrorCode
2024-10-18 21:06:48,908 [ERROR] LogOutputStream:75 - [STDERR_REDIRECT] WARNING: Could not lock System prefs. Unix error code 2.
2024-10-18 21:06:48,908 [ERROR] LogOutputStream:75 - [STDERR_REDIRECT] 
2024-10-18 21:06:48,909 [ERROR] LogOutputStream:75 - [STDERR_REDIRECT] Oct 18, 2024 9:06:48 PM java.util.prefs.FileSystemPreferences syncWorld
2024-10-18 21:06:48,910 [ERROR] LogOutputStream:75 - [STDERR_REDIRECT] WARNING: Couldn't flush system prefs: java.util.prefs.BackingStoreException: Couldn't get file lock.
2024-10-18 21:06:48,910 [ERROR] LogOutputStream:75 - [STDERR_REDIRECT] 
2024-10-18 21:07:18,909 [ERROR] LogOutputStream:75 - [STDERR_REDIRECT] Oct 18, 2024 9:07:18 PM java.util.prefs.FileSystemPreferences checkLockFile0ErrorCode
2024-10-18 21:07:18,911 [ERROR] LogOutputStream:75 - [STDERR_REDIRECT] WARNING: Could not lock System prefs. Unix error code 2.
2024-10-18 21:07:18,911 [ERROR] LogOutputStream:75 - [STDERR_REDIRECT] 
2024-10-18 21:07:18,912 [ERROR] LogOutputStream:75 - [STDERR_REDIRECT] Oct 18, 2024 9:07:18 PM java.util.prefs.FileSystemPreferences syncWorld
2024-10-18 21:07:18,913 [ERROR] LogOutputStream:75 - [STDERR_REDIRECT] WARNING: Couldn't flush system prefs: java.util.prefs.BackingStoreException: Couldn't get file lock.
2024-10-18 21:07:18,913 [ERROR] LogOutputStream:75 - [STDERR_REDIRECT] 
2024-10-18 21:07:48,908 [ERROR] LogOutputStream:75 - [STDERR_REDIRECT] Oct 18, 2024 9:07:48 PM java.util.prefs.FileSystemPreferences checkLockFile0ErrorCode
2024-10-18 21:07:48,909 [ERROR] LogOutputStream:75 - [STDERR_REDIRECT] WARNING: Could not lock System prefs. Unix error code 2.
2024-10-18 21:07:48,909 [ERROR] LogOutputStream:75 - [STDERR_REDIRECT] 
2024-10-18 21:07:48,910 [ERROR] LogOutputStream:75 - [STDERR_REDIRECT] Oct 18, 2024 9:07:48 PM java.util.prefs.FileSystemPreferences syncWorld
2024-10-18 21:07:48,910 [ERROR] LogOutputStream:75 - [STDERR_REDIRECT] WARNING: Couldn't flush system prefs: java.util.prefs.BackingStoreException: Couldn't get file lock.
2024-10-18 21:07:48,910 [ERROR] LogOutputStream:75 - [STDERR_REDIRECT] 
2024-10-18 21:08:18,908 [ERROR] LogOutputStream:75 - [STDERR_REDIRECT] Oct 18, 2024 9:08:18 PM java.util.prefs.FileSystemPreferences checkLockFile0ErrorCode
2024-10-18 21:08:18,909 [ERROR] LogOutputStream:75 - [STDERR_REDIRECT] WARNING: Could not lock System prefs. Unix error code 2.
2024-10-18 21:08:18,909 [ERROR] LogOutputStream:75 - [STDERR_REDIRECT] 
2024-10-18 21:08:18,910 [ERROR] LogOutputStream:75 - [STDERR_REDIRECT] Oct 18, 2024 9:08:18 PM java.util.prefs.FileSystemPreferences syncWorld
2024-10-18 21:08:18,911 [ERROR] LogOutputStream:75 - [STDERR_REDIRECT] WARNING: Couldn't flush system prefs: java.util.prefs.BackingStoreException: Couldn't get file lock.
2024-10-18 21:08:18,911 [ERROR] LogOutputStream:75 - [STDERR_REDIRECT] 
2024-10-18 21:08:48,909 [ERROR] LogOutputStream:75 - [STDERR_REDIRECT] Oct 18, 2024 9:08:48 PM java.util.prefs.FileSystemPreferences checkLockFile0ErrorCode
2024-10-18 21:08:48,909 [ERROR] LogOutputStream:75 - [STDERR_REDIRECT] WARNING: Could not lock System prefs. Unix error code 2.
2024-10-18 21:08:48,910 [ERROR] LogOutputStream:75 - [STDERR_REDIRECT] 
2024-10-18 21:08:48,911 [ERROR] LogOutputStream:75 - [STDERR_REDIRECT] Oct 18, 2024 9:08:48 PM java.util.prefs.FileSystemPreferences syncWorld
2024-10-18 21:08:48,912 [ERROR] LogOutputStream:75 - [STDERR_REDIRECT] WARNING: Couldn't flush system prefs: java.util.prefs.BackingStoreException: Couldn't get file lock.
2024-10-18 21:08:48,913 [ERROR] LogOutputStream:75 - [STDERR_REDIRECT] 
2024-10-18 21:09:18,909 [ERROR] LogOutputStream:75 - [STDERR_REDIRECT] Oct 18, 2024 9:09:18 PM java.util.prefs.FileSystemPreferences checkLockFile0ErrorCode
2024-10-18 21:09:18,909 [ERROR] LogOutputStream:75 - [STDERR_REDIRECT] WARNING: Could not lock System prefs. Unix error code 2.
2024-10-18 21:09:18,909 [ERROR] LogOutputStream:75 - [STDERR_REDIRECT] 
2024-10-18 21:09:18,910 [ERROR] LogOutputStream:75 - [STDERR_REDIRECT] Oct 18, 2024 9:09:18 PM java.util.prefs.FileSystemPreferences syncWorld
2024-10-18 21:09:18,910 [ERROR] LogOutputStream:75 - [STDERR_REDIRECT] WARNING: Couldn't flush system prefs: java.util.prefs.BackingStoreException: Couldn't get file lock.
2024-10-18 21:09:18,911 [ERROR] LogOutputStream:75 - [STDERR_REDIRECT] 
2024-10-18 21:09:48,907 [ERROR] LogOutputStream:75 - [STDERR_REDIRECT] Oct 18, 2024 9:09:48 PM java.util.prefs.FileSystemPreferences checkLockFile0ErrorCode
2024-10-18 21:09:48,908 [ERROR] LogOutputStream:75 - [STDERR_REDIRECT] WARNING: Could not lock System prefs. Unix error code 2.
2024-10-18 21:09:48,908 [ERROR] LogOutputStream:75 - [STDERR_REDIRECT] 
2024-10-18 21:09:48,909 [ERROR] LogOutputStream:75 - [STDERR_REDIRECT] Oct 18, 2024 9:09:48 PM java.util.prefs.FileSystemPreferences syncWorld
2024-10-18 21:09:48,909 [ERROR] LogOutputStream:75 - [STDERR_REDIRECT] WARNING: Couldn't flush system prefs: java.util.prefs.BackingStoreException: Couldn't get file lock.
2024-10-18 21:09:48,910 [ERROR] LogOutputStream:75 - [STDERR_REDIRECT] 
2024-10-18 21:10:18,921 [ERROR] LogOutputStream:75 - [STDERR_REDIRECT] Oct 18, 2024 9:10:18 PM java.util.prefs.FileSystemPreferences checkLockFile0ErrorCode
2024-10-18 21:10:18,921 [ERROR] LogOutputStream:75 - [STDERR_REDIRECT] WARNING: Could not lock System prefs. Unix error code 2.
2024-10-18 21:10:18,922 [ERROR] LogOutputStream:75 - [STDERR_REDIRECT] 
2024-10-18 21:10:18,923 [ERROR] LogOutputStream:75 - [STDERR_REDIRECT] Oct 18, 2024 9:10:18 PM java.util.prefs.FileSystemPreferences syncWorld
2024-10-18 21:10:18,924 [ERROR] LogOutputStream:75 - [STDERR_REDIRECT] WARNING: Couldn't flush system prefs: java.util.prefs.BackingStoreException: Couldn't get file lock.
2024-10-18 21:10:18,925 [ERROR] LogOutputStream:75 - [STDERR_REDIRECT] 
2024-10-18 21:10:48,921 [ERROR] LogOutputStream:75 - [STDERR_REDIRECT] Oct 18, 2024 9:10:48 PM java.util.prefs.FileSystemPreferences checkLockFile0ErrorCode
2024-10-18 21:10:48,921 [ERROR] LogOutputStream:75 - [STDERR_REDIRECT] WARNING: Could not lock System prefs. Unix error code 2.
2024-10-18 21:10:48,931 [ERROR] LogOutputStream:75 - [STDERR_REDIRECT] 
2024-10-18 21:10:48,932 [ERROR] LogOutputStream:75 - [STDERR_REDIRECT] Oct 18, 2024 9:10:48 PM java.util.prefs.FileSystemPreferences syncWorld
2024-10-18 21:10:48,933 [ERROR] LogOutputStream:75 - [STDERR_REDIRECT] WARNING: Couldn't flush system prefs: java.util.prefs.BackingStoreException: Couldn't get file lock.
2024-10-18 21:10:48,933 [ERROR] LogOutputStream:75 - [STDERR_REDIRECT] 
2024-10-18 21:10:49,246 [ERROR] LogOutputStream:75 - [STDERR_REDIRECT] SWT SessionManagerDBus: Failed to UnregisterClient: GDBus.Error:org.freedesktop.DBus.Error.NoReply: Message recipient disconnected from message bus without replying
2024-10-18 21:10:51,434 [ERROR] LogOutputStream:75 - [STDERR_REDIRECT] 
